2022-08-13 21:30:23,534 [      0]   INFO -        #com.intellij.idea.Main - ------------------------------------------------------ IDE STARTED ------------------------------------------------------ 
2022-08-13 21:30:23,540 [      6]   INFO - .intellij.util.EnvironmentUtil - loading shell env: /bin/bash -l -i -c '/Users/bytedance/.gradle/caches/modules-2/files-2.1/com.jetbrains.intellij.idea/ideaIC/2021.2.4/f6a20f715554259dbbbc5aabcba5e2c5f4492cc3/ideaIC-2021.2.4/bin/printenv' '/var/folders/b1/0fd1b6hs7lz0fm_mh346lybm0000gn/T/intellij-shell-env.7904915629797387575.tmp' 
2022-08-13 21:30:23,555 [     21]   INFO -        #com.intellij.idea.Main - IDE: IntelliJ IDEA (build #IC-212.5712.43, 21 Dec 2021 19:43) 
2022-08-13 21:30:23,555 [     21]   INFO -        #com.intellij.idea.Main - OS: Mac OS X (12.4, aarch64) 
2022-08-13 21:30:23,560 [     26]   INFO -        #com.intellij.idea.Main - JRE: 11.0.13+8-b1504.49 (JetBrains s.r.o.) 
2022-08-13 21:30:23,560 [     26]   INFO -        #com.intellij.idea.Main - JVM: 11.0.13+8-b1504.49 (OpenJDK 64-Bit Server VM) 
2022-08-13 21:30:23,628 [     94]   INFO - llij.ide.plugins.PluginManager - Plugin PluginDescriptor(name=Groovy, id=org.intellij.groovy, descriptorPath=plugin.xml, path=~/.gradle/caches/modules-2/files-2.1/com.jetbrains.intellij.idea/ideaIC/2021.2.4/f6a20f715554259dbbbc5aabcba5e2c5f4492cc3/ideaIC-2021.2.4/plugins/Groovy, version=212.5712.43, package=org.jetbrains.plugins.groovy) misses optional descriptor duplicates-groovy.xml 
2022-08-13 21:30:23,628 [     94]   INFO - llij.ide.plugins.PluginManager - Plugin PluginDescriptor(name=Groovy, id=org.intellij.groovy, descriptorPath=plugin.xml, path=~/.gradle/caches/modules-2/files-2.1/com.jetbrains.intellij.idea/ideaIC/2021.2.4/f6a20f715554259dbbbc5aabcba5e2c5f4492cc3/ideaIC-2021.2.4/plugins/Groovy, version=212.5712.43, package=org.jetbrains.plugins.groovy) misses optional descriptor duplicates-detection-groovy.xml 
2022-08-13 21:30:27,046 [   3512]   INFO - .intellij.util.EnvironmentUtil - shell environment loaded (15 vars) 
2022-08-13 21:30:28,509 [   4975]   INFO - llij.ide.plugins.PluginManager - Loaded bundled plugins: IDEA CORE (212.5712.43), WSL File System Support (212.5712.43), JetBrains maven model api classes (212.5712.43), JetBrains Repository Search (212.5712.43), Settings Repository (212.5712.43), Subversion (212.5712.43), Smali Support (212.5712.43), IDE Features Trainer (212.5712.43), Terminal (212.5712.43), Perforce Helix Core (212.5712.43), Machine Learning Code Completion (212.5712.43), Windows 10 Light Theme (212.5712.43), JetBrains Marketplace Licensing Support (212.5712.43), Emoji Picker (212.5712.43), EditorConfig (212.5712.43), Configuration Script (212.5712.43), Dependency Management Api for External Build Tools (212.5712.43), Copyright (212.5712.43), Properties (212.5712.43), Gradle (212.5712.43), Shell Script (212.5712.43), Images (212.5712.43), Java (212.5712.43), Java Stream Debugger (212.5712.43), Code With Me (212.5712.43), Eclipse Interoperability (212.5712.43), Java Internationalization (212.5712.43), UI Designer (212.5712.43), Java IDE Customization (212.5712.43), Lombok (212.5712.43), Java Bytecode Decompiler (212.5712.43), Bytecode Viewer (212.5712.43), Ant (212.5712.43), JavaFX (212.5712.43), Mercurial (212.5712.43), Shared Indexes (212.5712.43), TextMate Bundles (212.5712.43), JUnit (212.5712.43), macOS Light Theme (212.5712.43), YAML (212.5712.43), WebP Support (212.5712.43), XPathView + XSLT (212.5712.43), XSLT Debugger (212.5712.43), IntelliLang (212.5712.43), Markdown (212.5712.43), Grazie (212.5712.43), TestNG (212.5712.43), Code Coverage for Java (212.5712.43), Groovy (212.5712.43), Maven (212.5712.43), Gradle-Java (212.5712.43), Gradle-Maven (212.5712.43), Plugin DevKit (212.5712.43), Task Management (212.5712.43), Git (212.5712.43), Kotlin (212-1.5.10-release-IJ5712.43), Space (212.5712.43), Gradle DSL API (212.5712.43), Gradle Dependency Updater Implementation (212.5712.43), Android (10.4.2.212.5712.43), Package Search (212.5712.43), ChangeReminder (212.5712.43), IDE Features Trainer: Git Lessons (212.5712.43), GitHub (212.5712.43) 
2022-08-13 21:30:28,509 [   4975]   INFO - llij.ide.plugins.PluginManager - Loaded custom plugins: BulletIdeaPlugin (1.0-SNAPSHOT) 
2022-08-13 21:30:30,327 [   6793]   INFO -        #com.intellij.idea.Main - JVM Args: -Dapple.awt.fileDialogForDirectories=true -Dapple.laf.useScreenMenuBar=true -Didea.auto.reload.plugins=true -Didea.classpath.index.enabled=false -Didea.config.path=/Users/bytedance/Documents/IdeaProject/IdeaPlugin/build/idea-sandbox/config -Didea.is.internal=true -Didea.platform.prefix=Idea -Didea.plugins.path=/Users/bytedance/Documents/IdeaProject/IdeaPlugin/build/idea-sandbox/plugins -Didea.required.plugins.id=com.github.study.BulletIdeaPlugin -Didea.smooth.progress=false -Didea.system.path=/Users/bytedance/Documents/IdeaProject/IdeaPlugin/build/idea-sandbox/system -Djdk.module.illegalAccess.silent=true --add-opens=java.base/java.io=ALL-UNNAMED --add-opens=java.base/java.lang=ALL-UNNAMED --add-opens=java.base/java.lang.reflect=ALL-UNNAMED --add-opens=java.base/java.net=ALL-UNNAMED --add-opens=java.base/java.nio=ALL-UNNAMED --add-opens=java.base/java.nio.charset=ALL-UNNAMED --add-opens=java.base/java.text=ALL-UNNAMED --add-opens=java.base/java.time=ALL-UNNAMED --add-opens=java.base/java.util=ALL-UNNAMED --add-opens=java.base/java.util.concurrent=ALL-UNNAMED --add-opens=java.base/java.util.concurrent.atomic=ALL-UNNAMED --add-opens=java.base/jdk.internal.vm=ALL-UNNAMED --add-opens=java.base/sun.nio.ch=ALL-UNNAMED --add-opens=java.base/sun.security.ssl=ALL-UNNAMED --add-opens=java.base/sun.security.util=ALL-UNNAMED --add-opens=java.desktop/java.awt=ALL-UNNAMED --add-opens=java.desktop/java.awt.dnd.peer=ALL-UNNAMED --add-opens=java.desktop/java.awt.event=ALL-UNNAMED --add-opens=java.desktop/java.awt.image=ALL-UNNAMED --add-opens=java.desktop/java.awt.peer=ALL-UNNAMED --add-opens=java.desktop/javax.swing=ALL-UNNAMED --add-opens=java.desktop/javax.swing.plaf.basic=ALL-UNNAMED --add-opens=java.desktop/javax.swing.text.html=ALL-UNNAMED --add-opens=java.desktop/sun.awt.datatransfer=ALL-UNNAMED --add-opens=java.desktop/sun.awt.image=ALL-UNNAMED --add-opens=java.desktop/sun.awt=ALL-UNNAMED --add-opens=java.desktop/sun.font=ALL-UNNAMED --add-opens=java.desktop/sun.java2d=ALL-UNNAMED --add-opens=java.desktop/sun.swing=ALL-UNNAMED --add-opens=jdk.attach/sun.tools.attach=ALL-UNNAMED --add-opens=jdk.compiler/com.sun.tools.javac.api=ALL-UNNAMED --add-opens=jdk.internal.jvmstat/sun.jvmstat.monitor=ALL-UNNAMED --add-opens=jdk.jdi/com.sun.tools.jdi=ALL-UNNAMED --add-opens=java.desktop/com.apple.laf=ALL-UNNAMED --add-opens=java.desktop/com.apple.eawt.event=ALL-UNNAMED --add-opens=java.desktop/com.apple.eawt=ALL-UNNAMED --add-opens=java.desktop/sun.lwawt.macosx=ALL-UNNAMED --add-opens=java.desktop/sun.lwawt=ALL-UNNAMED -Xms256m -Xmx512m -Dfile.encoding=UTF-8 -Duser.country=CN -Duser.language=zh -Duser.variant -ea 
2022-08-13 21:30:30,328 [   6794]   INFO -        #com.intellij.idea.Main - library path: /Users/bytedance/Library/Java/Extensions:/Library/Java/Extensions:/Network/Library/Java/Extensions:/System/Library/Java/Extensions:/usr/lib/java:. 
2022-08-13 21:30:30,328 [   6794]   INFO -        #com.intellij.idea.Main - boot library path: /Users/bytedance/.gradle/caches/modules-2/files-2.1/com.jetbrains/jbre/jbr_jcef-11_0_13-osx-aarch64-b1504.49/extracted/jbr/Contents/Home/lib 
2022-08-13 21:30:30,339 [   6805]   INFO -        #com.intellij.idea.Main - locale=zh_CN_#Hans JNU=UTF-8 file.encoding=UTF-8
  idea.config.path=/Users/bytedance/Documents/IdeaProject/IdeaPlugin/build/idea-sandbox/config
  idea.system.path=/Users/bytedance/Documents/IdeaProject/IdeaPlugin/build/idea-sandbox/system
  idea.plugins.path=/Users/bytedance/Documents/IdeaProject/IdeaPlugin/build/idea-sandbox/plugins
  idea.log.path=/Users/bytedance/Documents/IdeaProject/IdeaPlugin/build/idea-sandbox/system/log 
2022-08-13 21:30:30,353 [   6819]   INFO -        #com.intellij.idea.Main - CPU cores: 10; ForkJoinPool.commonPool: java.util.concurrent.ForkJoinPool@61ec98df[Running, parallelism = 9, size = 9, active = 3, running = 3, steals = 29, tasks = 0, submissions = 0]; factory: com.intellij.concurrency.IdeaForkJoinWorkerThreadFactory@6990e567 
2022-08-13 21:30:31,115 [   7581]   INFO -        #com.intellij.idea.Main - JNA library (64-bit) loaded in 761 ms 
2022-08-13 21:30:32,213 [   8679]   WARN - i.mac.MacOSApplicationProvider - No URL bundle (CFBundleURLTypes) is defined in the main bundle.
To be able to open external links, specify protocols in the app layout section of the build file.
Example: args.urlSchemes = ["your-protocol"] will handle following links: your-protocol://open?file=file&line=line 
2022-08-13 21:30:33,524 [   9990]   INFO - rains.ide.BuiltInServerManager - built-in server started, port 63344 
2022-08-13 21:30:33,566 [  10032]   INFO - ication.options.PathMacrosImpl - Loaded path macros: {MAVEN_REPOSITORY=/Users/bytedance/.m2/repository, KOTLIN_BUNDLED=/Users/bytedance/.gradle/caches/modules-2/files-2.1/com.jetbrains.intellij.idea/ideaIC/2021.2.4/f6a20f715554259dbbbc5aabcba5e2c5f4492cc3/ideaIC-2021.2.4/plugins/Kotlin/kotlinc} 
2022-08-13 21:30:33,569 [  10035]   INFO - intellij.util.io.FilePageCache - lower=100; upper=492; buffer=10; max=492 
2022-08-13 21:30:33,569 [  10035]   INFO - intellij.diagnostic.JitWatcher - JIT compilation state checking enabled 
2022-08-13 21:30:33,572 [  10038]   INFO - rsistent.PersistentFSConnector - Marking VFS as corrupted: '/Users/bytedance/Documents/IdeaProject/IdeaPlugin/build/idea-sandbox/system/caches/names.dat' does not exist 
2022-08-13 21:30:33,604 [  10070]   INFO - .history.utils.LocalHistoryLog - local history version mismatch (was: 0, expected: 6), rebuilding... 
2022-08-13 21:30:33,604 [  10070]   INFO - .history.utils.LocalHistoryLog - FS has been rebuild, rebuilding local history... 
2022-08-13 21:30:33,660 [  10126]   INFO - til.net.ssl.CertificateManager - Default SSL context initialized 
2022-08-13 21:30:33,690 [  10156]   INFO - ings.impl.UpdateCheckerService - channel: release 
2022-08-13 21:30:33,717 [  10183]   INFO - penapi.application.Experiments - Experimental features enabled for user: wsl.p9.support, wsl.prefer.p9.support, wsl.p9.show.roots.in.file.chooser, wsl.execute.with.wsl.exe, linux.native.menu, recent.and.edited.files.together, show.create.new.element.in.popup, search.everywhere.mixed.results, editor.reader.mode, new.large.text.file.viewer, wsl.fsd.content.loader, terminal.shell.command.handling 
2022-08-13 21:30:33,744 [  10210]   INFO - m.intellij.ui.mac.touchbar.NST - touchbar-server isn't running, skip nst loading 
2022-08-13 21:30:33,746 [  10212]   INFO - i.mac.touchbar.TouchbarSupport - touchbar support is enabled 
2022-08-13 21:30:33,828 [  10294]   INFO - impl.SharedIndexInfrastructure - Shared index version updated from -1 to 7 
2022-08-13 21:30:33,832 [  10298]   INFO - impl.SharedIndexInfrastructure - Shared index persistent data has been cleared 
2022-08-13 21:30:33,842 [  10308]   INFO - impl.SharedIndexMainZipStorage - Shared Indexes Storage is opened and empty 
2022-08-13 21:30:33,846 [  10312]   INFO - stubs.SerializationManagerImpl - Name storage is repaired 
2022-08-13 21:30:33,852 [  10318]   INFO - impl.SharedIndexMainZipStorage - Shared Indexes Storage is opened and empty 
2022-08-13 21:30:33,854 [  10320]   INFO - impl.SharedIndexInfrastructure - Shared index persistent data has been cleared 
2022-08-13 21:30:33,919 [  10385]   WARN - l.NotificationGroupManagerImpl - Notification group CodeWithMe is already registered (group=com.intellij.notification.NotificationGroup@51d60c8b). Plugin descriptor: PluginDescriptor(name=Code With Me, id=com.jetbrains.codeWithMe, descriptorPath=plugin.xml, path=~/.gradle/caches/modules-2/files-2.1/com.jetbrains.intellij.idea/ideaIC/2021.2.4/f6a20f715554259dbbbc5aabcba5e2c5f4492cc3/ideaIC-2021.2.4/plugins/cwm-plugin, version=212.5712.43, package=null) 
2022-08-13 21:30:34,078 [  10544]   INFO - ntellij.ui.mac.screenmenu.Menu - use new ScreenMenuBar implementation 
2022-08-13 21:30:34,179 [  10645]   INFO - pl.local.NativeFileWatcherImpl - Starting file watcher: /Users/bytedance/.gradle/caches/modules-2/files-2.1/com.jetbrains.intellij.idea/ideaIC/2021.2.4/f6a20f715554259dbbbc5aabcba5e2c5f4492cc3/ideaIC-2021.2.4/bin/mac/fsnotifier 
2022-08-13 21:30:34,182 [  10648]   INFO - pl.local.NativeFileWatcherImpl - Native file watcher is operational. 
2022-08-13 21:30:34,590 [  11056]   INFO - il.indexing.FileBasedIndexImpl - Indexes to be rebuilt after corruption:FilenameIndex(v = 3),FrameworkDetectionIndex(v = 65536),TodoIndex(v = 4107),IdIndex(v = 4113),filetypes(v = 258),Stubs(v = 46),Trigram.Index(v = 4099),fileIncludes(v = 6),DomFileIndex(v = 0),RelaxSymbolIndex(v = 0),XmlTagNames(v = 1),XmlNamespaces(v = 8),html5.custom.attributes.index(v = 1),SchemaTypeInheritance(v = 2),json.file.root.values(v = 5),editorconfig.index.name(v = 5),xmlProperties(v = 2),bytecodeAnalysis(v = 4107),java.auto.module.name(v = 5),java.source.module.name(v = 3),java.null.method.argument(v = 4097),java.fun.expression(v = 4102),java.binary.plus.expression(v = 4100),com.intellij.uiDesigner.FormClassIndex(v = 0),LombokConfigIndex(v = 11),ant-imports(v = 5),JavaFxControllerClassIndex(v = 1),javafx.id.name(v = 3),javafx.custom.component(v = 2),yaml.keys.name(v = 1),XsltSymbolIndex(v = 0),groovy.trait.fields(v = 5),groovy.trait.methods(v = 32),IdeaPluginRegistrationIndex(v = 3),PluginIdModuleIndex(v = 2),PluginIdDependenciesIndex(v = 5),devkit.ExtensionPointIndex(v = 0),devkit.ExtensionPointClassIndex(v = 1),org.jetbrains.kotlin.idea.versions.KotlinJvmMetadataVersionIndex(v = 5),org.jetbrains.kotlin.idea.versions.KotlinJsMetadataVersionIndex(v = 3),org.jetbrains.kotlin.idea.vfilefinder.KotlinClassFileIndex(v = 3),org.jetbrains.kotlin.idea.vfilefinder.KotlinJavaScriptMetaFileIndex(v = 4),org.jetbrains.kotlin.idea.vfilefinder.KotlinMetadataFileIndex(v = 1),org.jetbrains.kotlin.idea.vfilefinder.KotlinMetadataFilePackageIndex(v = 1),org.jetbrains.kotlin.idea.vfilefinder.KotlinModuleMappingIndex(v = 5),org.jetbrains.kotlin.idea.vfilefinder.KotlinPackageSourcesMemberNamesIndex(v = 2),org.jetbrains.kotlin.idea.vfilefinder.KotlinJvmModuleAnnotationsIndex(v = 1),org.jetbrains.kotlin.idea.vfilefinder.KotlinBuiltInsMetadataIndex(v = 1),org.jetbrains.kotlin.idea.vfilefinder.KotlinStdlibIndex(v = 1),org.jetbrains.kotlin.idea.vfilefinder.KlibMetaFileIndex(v = 4),com.android.tools.idea.model.AndroidManifestIndex$Companion$NAME$1.NAME(v = 10),BindingXmlIndex(v = 8),MlModelFileIndex(v = 6),NavXmlIndex(v = 8) 
2022-08-13 21:30:34,592 [  11058]   INFO - leBasedIndexDataInitialization - Index data initialization done: 933 ms. Initialized indexes: [FilenameIndex, FrameworkDetectionIndex, TodoIndex, IdIndex, filetypes, Stubs, Trigram.Index, fileIncludes, DomFileIndex, RelaxSymbolIndex, XmlTagNames, XmlNamespaces, html5.custom.attributes.index, SchemaTypeInheritance, json.file.root.values, editorconfig.index.name, xmlProperties, bytecodeAnalysis, java.auto.module.name, java.source.module.name, java.null.method.argument, java.fun.expression, java.binary.plus.expression, com.intellij.uiDesigner.FormClassIndex, LombokConfigIndex, ant-imports, JavaFxControllerClassIndex, javafx.id.name, javafx.custom.component, yaml.keys.name, XsltSymbolIndex, groovy.trait.fields, groovy.trait.methods, IdeaPluginRegistrationIndex, PluginIdModuleIndex, PluginIdDependenciesIndex, devkit.ExtensionPointIndex, devkit.ExtensionPointClassIndex, org.jetbrains.kotlin.idea.versions.KotlinJvmMetadataVersionIndex, org.jetbrains.kotlin.idea.versions.KotlinJsMetadataVersionIndex, org.jetbrains.kotlin.idea.vfilefinder.KotlinClassFileIndex, org.jetbrains.kotlin.idea.vfilefinder.KotlinJavaScriptMetaFileIndex, org.jetbrains.kotlin.idea.vfilefinder.KotlinMetadataFileIndex, org.jetbrains.kotlin.idea.vfilefinder.KotlinMetadataFilePackageIndex, org.jetbrains.kotlin.idea.vfilefinder.KotlinModuleMappingIndex, org.jetbrains.kotlin.idea.vfilefinder.KotlinPackageSourcesMemberNamesIndex, org.jetbrains.kotlin.idea.vfilefinder.KotlinJvmModuleAnnotationsIndex, org.jetbrains.kotlin.idea.vfilefinder.KotlinBuiltInsMetadataIndex, org.jetbrains.kotlin.idea.vfilefinder.KotlinStdlibIndex, org.jetbrains.kotlin.idea.vfilefinder.KlibMetaFileIndex, com.android.tools.idea.model.AndroidManifestIndex$Companion$NAME$1.NAME, BindingXmlIndex, MlModelFileIndex, NavXmlIndex]. 
2022-08-13 21:30:34,681 [  11147]   INFO - tellij.psi.stubs.StubIndexImpl - Following stub indices will be built:dom.namespaceKey(v = 1),dom.elementClass(v = 0),properties.index(v = 2),markdown.header(v = 2),gr.class.fqn(v = 1),gr.script.fqn(v = 2),gr.field.name(v = 2),gr.method.name(v = 2),gr.annot.method.name(v = 2),gr.annot.members(v = 2),gr.script.class(v = 2),gr.class.super(v = 2),gr.anonymous.class(v = 3),org.jetbrains.kotlin.idea.stubindex.KotlinExactPackagesIndex(v = 2),org.jetbrains.kotlin.idea.stubindex.KotlinTopLevelClassByPackageIndex(v = 2),org.jetbrains.kotlin.idea.stubindex.KotlinTopLevelFunctionByPackageIndex(v = 2),org.jetbrains.kotlin.idea.stubindex.KotlinTopLevelPropertyByPackageIndex(v = 2),org.jetbrains.kotlin.idea.stubindex.KotlinTopLevelTypeAliasByPackageIndex(v = 2),org.jetbrains.kotlin.idea.stubindex.KotlinClassShortNameIndex(v = 2),org.jetbrains.kotlin.idea.stubindex.KotlinFullClassNameIndex(v = 2),org.jetbrains.kotlin.idea.stubindex.KotlinPropertyShortNameIndex(v = 2),org.jetbrains.kotlin.idea.stubindex.KotlinFunctionShortNameIndex(v = 2),org.jetbrains.kotlin.idea.stubindex.KotlinTypeAliasShortNameIndex(v = 2),org.jetbrains.kotlin.idea.stubindex.KotlinSuperClassIndex(v = 2),org.jetbrains.kotlin.idea.stubindex.KotlinTopLevelFunctionFqnNameIndex(v = 2),org.jetbrains.kotlin.idea.stubindex.KotlinTopLevelPropertyFqnNameIndex(v = 2),org.jetbrains.kotlin.idea.stubindex.KotlinTopLevelTypeAliasFqNameIndex(v = 2),org.jetbrains.kotlin.idea.stubindex.KotlinTopLevelExtensionsByReceiverTypeIndex(v = 3),org.jetbrains.kotlin.idea.stubindex.KotlinExtensionsInObjectsByReceiverTypeIndex(v = 2),org.jetbrains.kotlin.idea.stubindex.KotlinAnnotationsIndex(v = 3),org.jetbrains.kotlin.idea.stubindex.KotlinJvmNameAnnotationIndex(v = 2),org.jetbrains.kotlin.idea.stubindex.KotlinProbablyNothingFunctionShortNameIndex(v = 2),org.jetbrains.kotlin.idea.stubindex.KotlinProbablyNothingPropertyShortNameIndex(v = 2),org.jetbrains.kotlin.idea.stubindex.KotlinProbablyContractedFunctionShortNameIndex(v = 2),org.jetbrains.kotlin.idea.stubindex.KotlinFileFacadeFqNameIndex(v = 2),org.jetbrains.kotlin.idea.stubindex.KotlinFilePartClassIndex(v = 2),org.jetbrains.kotlin.idea.stubindex.KotlinFileFacadeClassByPackageIndex(v = 2),org.jetbrains.kotlin.idea.stubindex.KotlinFileFacadeShortNameIndex(v = 2),org.jetbrains.kotlin.idea.stubindex.KotlinMultifileClassPartIndex(v = 2),org.jetbrains.kotlin.idea.stubindex.KotlinScriptFqnIndex(v = 2),org.jetbrains.kotlin.idea.stubindex.KotlinTypeAliasByExpansionShortNameIndex(v = 2),org.jetbrains.kotlin.idea.stubindex.KotlinOverridableInternalMembersShortNameIndex(v = 2),java.annotations(v = 2),java.class.extlist(v = 3),java.field.name(v = 2),java.method.name(v = 2),jvm.static.member.name(v = 2),jvm.static.member.type(v = 2),java.anonymous.baseref(v = 2),java.method.parameter.types(v = 3),java.class.shortname(v = 4),java.class.fqn(v = 1),java.module.name(v = 4) 
2022-08-13 21:30:34,681 [  11147]   INFO - exImpl$StubIndexInitialization - Index data initialization done: 89 ms. Initialized stub indexes: {gr.method.name, java.anonymous.baseref, org.jetbrains.kotlin.idea.stubindex.KotlinProbablyNothingPropertyShortNameIndex, org.jetbrains.kotlin.idea.stubindex.KotlinTopLevelFunctionByPackageIndex, org.jetbrains.kotlin.idea.stubindex.KotlinTopLevelPropertyByPackageIndex, org.jetbrains.kotlin.idea.stubindex.KotlinOverridableInternalMembersShortNameIndex, gr.annot.method.name, org.jetbrains.kotlin.idea.stubindex.KotlinScriptFqnIndex, gr.field.name, java.method.parameter.types, dom.namespaceKey, jvm.static.member.type, dom.elementClass, java.class.shortname, java.field.name, gr.class.super, java.module.name, org.jetbrains.kotlin.idea.stubindex.KotlinFullClassNameIndex, gr.anonymous.class, org.jetbrains.kotlin.idea.stubindex.KotlinFileFacadeClassByPackageIndex, org.jetbrains.kotlin.idea.stubindex.KotlinFilePartClassIndex, gr.script.class, properties.index, org.jetbrains.kotlin.idea.stubindex.KotlinFileFacadeShortNameIndex, java.class.extlist, java.class.fqn, gr.class.fqn, markdown.header, java.method.name, jvm.static.member.name, java.annotations, gr.script.fqn, org.jetbrains.kotlin.idea.stubindex.KotlinMultifileClassPartIndex, gr.annot.members, org.jetbrains.kotlin.idea.stubindex.KotlinJvmNameAnnotationIndex, org.jetbrains.kotlin.idea.stubindex.KotlinExactPackagesIndex, org.jetbrains.kotlin.idea.stubindex.KotlinTopLevelTypeAliasByPackageIndex, org.jetbrains.kotlin.idea.stubindex.KotlinProbablyContractedFunctionShortNameIndex, org.jetbrains.kotlin.idea.stubindex.KotlinFileFacadeFqNameIndex, org.jetbrains.kotlin.idea.stubindex.KotlinTopLevelClassByPackageIndex, org.jetbrains.kotlin.idea.stubindex.KotlinTypeAliasShortNameIndex, org.jetbrains.kotlin.idea.stubindex.KotlinFunctionShortNameIndex, org.jetbrains.kotlin.idea.stubindex.KotlinSuperClassIndex, org.jetbrains.kotlin.idea.stubindex.KotlinPropertyShortNameIndex, org.jetbrains.kotlin.idea.stubindex.KotlinClassShortNameIndex, org.jetbrains.kotlin.idea.stubindex.KotlinProbablyNothingFunctionShortNameIndex, org.jetbrains.kotlin.idea.stubindex.KotlinAnnotationsIndex, org.jetbrains.kotlin.idea.stubindex.KotlinTopLevelFunctionFqnNameIndex, org.jetbrains.kotlin.idea.stubindex.KotlinTopLevelPropertyFqnNameIndex, org.jetbrains.kotlin.idea.stubindex.KotlinTopLevelTypeAliasFqNameIndex, org.jetbrains.kotlin.idea.stubindex.KotlinExtensionsInObjectsByReceiverTypeIndex, org.jetbrains.kotlin.idea.stubindex.KotlinTopLevelExtensionsByReceiverTypeIndex, org.jetbrains.kotlin.idea.stubindex.KotlinTypeAliasByExpansionShortNameIndex}. 
2022-08-13 21:30:36,155 [  12621]   INFO - dea.updater.SdkComponentSource - Downloading https://dl.google.com/android/repository/addons_list-3.xml 
2022-08-13 21:30:36,310 [  12776]   INFO - System.impl.PopupMenuPreloader - Popup menu 'File' preloaded at 'MainMenu' in 73 ms 
2022-08-13 21:30:36,547 [  13013]   INFO - System.impl.PopupMenuPreloader - Popup menu 'Help' preloaded at 'MainMenu' in 312 ms 
2022-08-13 21:30:36,626 [  13092]   INFO - dea.updater.SdkComponentSource - File /Users/bytedance/.android/repositories.cfg could not be loaded. 
2022-08-13 21:30:36,627 [  13093]   INFO - dea.updater.SdkComponentSource - Downloading https://dl.google.com/android/repository/sys-img/android-automotive/sys-img2-1.xml 
2022-08-13 21:30:36,627 [  13093]   INFO - dea.updater.SdkComponentSource - Downloading https://dl.google.com/android/repository/sys-img/aosp_atd/sys-img2-1.xml 
2022-08-13 21:30:36,628 [  13094]   INFO - dea.updater.SdkComponentSource - Downloading https://dl.google.com/android/repository/sys-img/android/sys-img2-1.xml 
2022-08-13 21:30:36,628 [  13094]   INFO - dea.updater.SdkComponentSource - Downloading https://dl.google.com/android/repository/sys-img/android-wear-cn/sys-img2-1.xml 
2022-08-13 21:30:36,628 [  13094]   INFO - dea.updater.SdkComponentSource - Downloading https://dl.google.com/android/repository/sys-img/google_atd/sys-img2-1.xml 
2022-08-13 21:30:36,628 [  13094]   INFO - dea.updater.SdkComponentSource - Downloading https://dl.google.com/android/repository/sys-img/google_apis/sys-img2-1.xml 
2022-08-13 21:30:36,628 [  13094]   INFO - dea.updater.SdkComponentSource - Downloading https://dl.google.com/android/repository/glass/addon2-1.xml 
2022-08-13 21:30:36,628 [  13094]   INFO - dea.updater.SdkComponentSource - Downloading https://dl.google.com/android/repository/sys-img/android-wear/sys-img2-1.xml 
2022-08-13 21:30:36,628 [  13094]   INFO - dea.updater.SdkComponentSource - Downloading https://dl.google.com/android/repository/addon2-1.xml 
2022-08-13 21:30:36,629 [  13095]   INFO - dea.updater.SdkComponentSource - Downloading https://dl.google.com/android/repository/sys-img/google-tv/sys-img2-1.xml 
2022-08-13 21:30:36,629 [  13095]   INFO - dea.updater.SdkComponentSource - Downloading https://dl.google.com/android/repository/extras/intel/addon2-1.xml 
2022-08-13 21:30:36,630 [  13096]   INFO - dea.updater.SdkComponentSource - Downloading https://dl.google.com/android/repository/repository2-1.xml 
2022-08-13 21:30:36,630 [  13096]   INFO - dea.updater.SdkComponentSource - Downloading https://dl.google.com/android/repository/sys-img/android-desktop/sys-img2-1.xml 
2022-08-13 21:30:36,630 [  13096]   INFO - dea.updater.SdkComponentSource - Downloading https://dl.google.com/android/repository/sys-img/android-tv/sys-img2-1.xml 
2022-08-13 21:30:36,631 [  13097]   INFO - dea.updater.SdkComponentSource - Downloading https://dl.google.com/android/repository/sys-img/google_apis_playstore/sys-img2-1.xml 
2022-08-13 21:30:59,727 [  36193]   INFO - BridgeArtifactManagerRedefiner - Using workspace model to open project 
2022-08-13 21:30:59,757 [  36223]   INFO - lij.diagnostic.DebugLogManager - Set TRACE for the following categories: #com.jetbrains.rdserver.requests, #com.jetbrains.rd.ide.document, #com.jetbrains.rdserver.document, #com.jetbrains.rdserver.editors, #com.jetbrains.rdserver.actions, #com.jetbrains.rdserver.permissions 
2022-08-13 21:30:59,779 [  36245]   INFO - tests.impl.DistributedTestHost - Host address=localhost/127.0.0.1 
2022-08-13 21:30:59,801 [  36267]   INFO - dule.ModuleBridgeLoaderService - Workspace model loaded without cache. Loading real project state into workspace model. Thread[JobScheduler FJ pool 3/9,4,main] 
2022-08-13 21:30:59,849 [  36315]   INFO - pl.projectlevelman.NewMappings - VCS Root: [Git] - [<Project>] 
2022-08-13 21:30:59,873 [  36339]   INFO - ins.rd.platform.codeWithMe.a.d - sessionStatus: null 
2022-08-13 21:30:59,874 [  36340]   INFO - ins.rd.platform.codeWithMe.a.d - freeSessionRemainingTimeMs: null null 
2022-08-13 21:30:59,888 [  36354]   INFO - rojectCodeStyleSettingsManager - Loading Project code style 
2022-08-13 21:30:59,896 [  36362]   INFO - eStyle.CustomCodeStyleSettings - Loaded org.jetbrains.kotlin.idea.core.formatter.KotlinCodeStyleSettings 
2022-08-13 21:30:59,897 [  36363]   INFO - eStyle.CustomCodeStyleSettings - Loaded org.jetbrains.kotlin.idea.core.formatter.KotlinCodeStyleSettings 
2022-08-13 21:30:59,899 [  36365]   INFO - eStyle.CommonCodeStyleSettings - Loaded Kotlin common code style settings 
2022-08-13 21:30:59,899 [  36365]   INFO - eStyle.CommonCodeStyleSettings - Loaded Kotlin common code style settings 
2022-08-13 21:30:59,900 [  36366]   INFO - rojectCodeStyleSettingsManager - Project code style loaded 
2022-08-13 21:31:00,291 [  36757]   INFO - .packagesearch.intellij-plugin - allInstalledKnownRepositoriesFlow — Took 962us to elaborate 
2022-08-13 21:31:00,292 [  36758]   INFO - .packagesearch.intellij-plugin - packageUpgradesStateFlow — Took 1.79ms to elaborate 
2022-08-13 21:31:00,306 [  36772]   INFO - .packagesearch.intellij-plugin - projectModulesSharedFlow — Took 14.8ms to elaborate 
2022-08-13 21:31:00,307 [  36773]   INFO - .packagesearch.intellij-plugin - moduleModelsStateFlow — Took 406us to elaborate 
2022-08-13 21:31:00,309 [  36775]   INFO - .packagesearch.intellij-plugin - installedPackagesStateFlow — Took 2.90ms to elaborate 
2022-08-13 21:31:00,514 [  36980]   INFO -  #git4idea.commands.GitHandler - [.] git version 
2022-08-13 21:31:00,524 [  36990]   INFO - ge.ExternalProjectsDataStorage - Load external projects data in 4 millis (read time: 0) 
2022-08-13 21:31:00,531 [  36997]   INFO - pl.projectlevelman.NewMappings - Mapped Roots: 1 
2022-08-13 21:31:00,567 [  37033]   INFO -  #git4idea.commands.GitHandler - git version 2.32.0 (Apple Git-132) 
2022-08-13 21:31:00,576 [  37042]   INFO - ea.config.GitExecutableManager - Git version for /usr/bin/git: 2.32.0.0 (UNIX) 
2022-08-13 21:31:00,580 [  37046]   INFO - ramework.util.RdCoroutineScope - RdCoroutineHost overridden 
2022-08-13 21:31:00,684 [  37150]   INFO - erver.followMe.FollowMeManager - Register new user 0:'bytedance' with ClientId=ClientId(value=Host) 
2022-08-13 21:31:00,828 [  37294]   INFO - .deployment.AsyncDevicesGetter - adb not found 
2022-08-13 21:31:01,051 [  37517]   INFO - dle.roots.GradleBuildRootIndex - /Users/bytedance/Documents/IdeaProject/IdeaPlugin: null -> org.jetbrains.kotlin.idea.scripting.gradle.roots.New@1fb7dd30 
2022-08-13 21:31:01,072 [  37538]   INFO - roject.DumbServiceGuiTaskQueue - Running dumb mode task: OnDiskSharedIndexChunkLocator 
2022-08-13 21:31:01,076 [  37542]   INFO - roject.DumbServiceGuiTaskQueue - Running dumb mode task: UnindexedFilesUpdater[BulletIdeaPlugin] 
2022-08-13 21:31:01,092 [  37558]   INFO - g.jetbrains.kotlin.idea.script - [KOTLIN_SCRIPTING] Loading script definitions [org.gradle.kotlin.dsl.KotlinInitScript] using classpath: /Users/bytedance/.gradle/wrapper/dists/gradle-7.1-bin/4pslxx9lrxt5svtz5wbnb6tkz/gradle-7.1/lib/gradle-core-7.1.jar:/Users/bytedance/.gradle/wrapper/dists/gradle-7.1-bin/4pslxx9lrxt5svtz5wbnb6tkz/gradle-7.1/lib/gradle-core-api-7.1.jar:/Users/bytedance/.gradle/wrapper/dists/gradle-7.1-bin/4pslxx9lrxt5svtz5wbnb6tkz/gradle-7.1/lib/gradle-kotlin-dsl-tooling-models-7.1.jar:/Users/bytedance/.gradle/wrapper/dists/gradle-7.1-bin/4pslxx9lrxt5svtz5wbnb6tkz/gradle-7.1/lib/gradle-kotlin-dsl-7.1.jar:/Users/bytedance/.gradle/wrapper/dists/gradle-7.1-bin/4pslxx9lrxt5svtz5wbnb6tkz/gradle-7.1/lib/kotlin-stdlib-common-1.4.31.jar 
2022-08-13 21:31:01,137 [  37603]   INFO - g.jetbrains.kotlin.idea.script - [KOTLIN_SCRIPTING] Loading script definitions [org.gradle.kotlin.dsl.KotlinSettingsScript] using classpath: /Users/bytedance/.gradle/wrapper/dists/gradle-7.1-bin/4pslxx9lrxt5svtz5wbnb6tkz/gradle-7.1/lib/gradle-core-7.1.jar:/Users/bytedance/.gradle/wrapper/dists/gradle-7.1-bin/4pslxx9lrxt5svtz5wbnb6tkz/gradle-7.1/lib/gradle-core-api-7.1.jar:/Users/bytedance/.gradle/wrapper/dists/gradle-7.1-bin/4pslxx9lrxt5svtz5wbnb6tkz/gradle-7.1/lib/gradle-kotlin-dsl-tooling-models-7.1.jar:/Users/bytedance/.gradle/wrapper/dists/gradle-7.1-bin/4pslxx9lrxt5svtz5wbnb6tkz/gradle-7.1/lib/gradle-kotlin-dsl-7.1.jar:/Users/bytedance/.gradle/wrapper/dists/gradle-7.1-bin/4pslxx9lrxt5svtz5wbnb6tkz/gradle-7.1/lib/kotlin-stdlib-common-1.4.31.jar 
2022-08-13 21:31:01,150 [  37616]   INFO - g.jetbrains.kotlin.idea.script - [KOTLIN_SCRIPTING] Loading script definitions [org.gradle.kotlin.dsl.KotlinBuildScript] using classpath: /Users/bytedance/.gradle/wrapper/dists/gradle-7.1-bin/4pslxx9lrxt5svtz5wbnb6tkz/gradle-7.1/lib/gradle-core-7.1.jar:/Users/bytedance/.gradle/wrapper/dists/gradle-7.1-bin/4pslxx9lrxt5svtz5wbnb6tkz/gradle-7.1/lib/gradle-core-api-7.1.jar:/Users/bytedance/.gradle/wrapper/dists/gradle-7.1-bin/4pslxx9lrxt5svtz5wbnb6tkz/gradle-7.1/lib/gradle-kotlin-dsl-tooling-models-7.1.jar:/Users/bytedance/.gradle/wrapper/dists/gradle-7.1-bin/4pslxx9lrxt5svtz5wbnb6tkz/gradle-7.1/lib/gradle-kotlin-dsl-7.1.jar:/Users/bytedance/.gradle/wrapper/dists/gradle-7.1-bin/4pslxx9lrxt5svtz5wbnb6tkz/gradle-7.1/lib/kotlin-stdlib-common-1.4.31.jar 
2022-08-13 21:31:01,169 [  37635]   INFO - ots.impl.jdkDownloader.JdkAuto - Looking for a local SDK for JDK with name MissingSdkInfo(mySdkName=11, mySdkType=JavaSDK) 
2022-08-13 21:31:01,379 [  37845]   INFO - System.util.ExternalSystemUtil - External project [/Users/bytedance/Documents/IdeaProject/IdeaPlugin] resolution task started 
2022-08-13 21:31:01,430 [  37896]   INFO - adleSyncState$SyncStateUpdater - onStart(RESOLVE_PROJECT:0, /Users/bytedance/Documents/IdeaProject/IdeaPlugin) 
2022-08-13 21:31:01,432 [  37898]   INFO - cState$SyncStateUpdaterService - trackTask(RESOLVE_PROJECT:0, /Users/bytedance/Documents/IdeaProject/IdeaPlugin) 
2022-08-13 21:31:01,433 [  37899]   INFO - e.project.sync.GradleSyncState - Started single-variant (TRIGGER_UNKNOWN) sync with Gradle for project 'BulletIdeaPlugin'. 
2022-08-13 21:31:01,560 [  38026]   INFO - .packagesearch.intellij-plugin - knownRepositoriesFlow — Took 1.27s to elaborate 
2022-08-13 21:31:01,562 [  38028]   INFO - .packagesearch.intellij-plugin - allInstalledKnownRepositoriesFlow — Took 845us to elaborate 
2022-08-13 21:31:01,593 [  38059]   WARN - g.jetbrains.kotlin.idea.script - [KOTLIN_SCRIPTING] extension space.kts file type [UNKNOWN] is not registered as Kotlin 
2022-08-13 21:31:01,594 [  38060]   WARN - g.jetbrains.kotlin.idea.script - [KOTLIN_SCRIPTING] extension main.kts file type [UNKNOWN] is not registered as Kotlin 
2022-08-13 21:31:01,594 [  38060]   WARN - g.jetbrains.kotlin.idea.script - [KOTLIN_SCRIPTING] extensions [space.kts, main.kts] is about to be registered as Kotlin 
2022-08-13 21:31:01,683 [  38149]   INFO - pl.ProjectRootManagerComponent - Project roots of BulletIdeaPlugin have changed (trace_hash = 1411176058) 
java.lang.Throwable
	at com.intellij.openapi.roots.impl.ProjectRootManagerComponent.logRootChanges(ProjectRootManagerComponent.java:344)
	at com.intellij.openapi.roots.impl.ProjectRootManagerComponent.synchronizeRoots(ProjectRootManagerComponent.java:331)
	at com.intellij.openapi.roots.impl.ProjectRootManagerComponent.fireRootsChangedEvent(ProjectRootManagerComponent.java:238)
	at com.intellij.openapi.roots.impl.ProjectRootManagerImpl.fireRootsChanged(ProjectRootManagerImpl.java:449)
	at com.intellij.openapi.roots.impl.ProjectRootManagerImpl$1.fireRootsChanged(ProjectRootManagerImpl.java:146)
	at com.intellij.openapi.roots.impl.ProjectRootManagerImpl$1.fireRootsChanged(ProjectRootManagerImpl.java:143)
	at com.intellij.openapi.roots.impl.ProjectRootManagerImpl$BatchSession.rootsChanged(ProjectRootManagerImpl.java:113)
	at com.intellij.openapi.roots.impl.ProjectRootManagerImpl$BatchSession.rootsChanged(ProjectRootManagerImpl.java:121)
	at com.intellij.openapi.roots.impl.ProjectRootManagerImpl.makeRootsChange(ProjectRootManagerImpl.java:421)
	at com.intellij.workspaceModel.ide.impl.legacyBridge.project.ProjectRootManagerBridge.fireRootsChanged(ProjectRootManagerBridge.kt:156)
	at com.intellij.workspaceModel.ide.impl.legacyBridge.project.ProjectRootManagerBridge.access$fireRootsChanged(ProjectRootManagerBridge.kt:30)
	at com.intellij.workspaceModel.ide.impl.legacyBridge.project.ProjectRootManagerBridge$JdkChangeListener.jdkAdded(ProjectRootManagerBridge.kt:249)
	at com.intellij.util.messages.impl.MessageBusImpl.invokeMethod(MessageBusImpl.java:645)
	at com.intellij.util.messages.impl.MessageBusImpl.invokeListener(MessageBusImpl.java:624)
	at com.intellij.util.messages.impl.MessageBusImpl.deliverMessage(MessageBusImpl.java:417)
	at com.intellij.util.messages.impl.MessageBusImpl.pumpWaitingBuses(MessageBusImpl.java:390)
	at com.intellij.util.messages.impl.MessageBusImpl.pumpMessages(MessageBusImpl.java:372)
	at com.intellij.util.messages.impl.MessageBusImpl.access$200(MessageBusImpl.java:33)
	at com.intellij.util.messages.impl.MessageBusImpl$MessagePublisher.invoke(MessageBusImpl.java:179)
	at com.sun.proxy.$Proxy153.jdkAdded(Unknown Source)
	at com.intellij.openapi.projectRoots.impl.ProjectJdkTableImpl.addJdk(ProjectJdkTableImpl.java:247)
	at com.intellij.openapi.projectRoots.impl.UnknownMissingSdkFix.lambda$registerNewSdkInJdkTable$2(UnknownMissingSdkFix.java:130)
	at com.intellij.openapi.application.WriteAction.lambda$run$1(WriteAction.java:94)
	at com.intellij.openapi.application.impl.ApplicationImpl.runWriteActionWithClass(ApplicationImpl.java:924)
	at com.intellij.openapi.application.impl.ApplicationImpl.runWriteAction(ApplicationImpl.java:950)
	at com.intellij.openapi.application.WriteAction.run(WriteAction.java:93)
	at com.intellij.openapi.projectRoots.impl.UnknownMissingSdkFix.registerNewSdkInJdkTable(UnknownMissingSdkFix.java:117)
	at com.intellij.openapi.projectRoots.impl.UnknownMissingSdkFixLocal.applyLocalFix(UnknownMissingSdkFixLocal.java:99)
	at com.intellij.openapi.projectRoots.impl.UnknownSdkFixActionLocalBase.runWithEvents(UnknownSdkFixActionLocalBase.java:33)
	at com.intellij.openapi.projectRoots.impl.UnknownSdkFixActionLocalBase.lambda$applySuggestionBlocking$0(UnknownSdkFixActionLocalBase.java:76)
	at com.intellij.openapi.application.TransactionGuardImpl.runWithWritingAllowed(TransactionGuardImpl.java:214)
	at com.intellij.openapi.application.TransactionGuardImpl.access$200(TransactionGuardImpl.java:21)
	at com.intellij.openapi.application.TransactionGuardImpl$2.run(TransactionGuardImpl.java:196)
	at com.intellij.openapi.application.impl.ApplicationImpl.runIntendedWriteActionOnCurrentThread(ApplicationImpl.java:794)
	at com.intellij.openapi.application.impl.ApplicationImpl.lambda$invokeAndWait$7(ApplicationImpl.java:451)
	at com.intellij.openapi.application.impl.LaterInvocator$1.run(LaterInvocator.java:134)
	at com.intellij.openapi.application.impl.FlushQueue.doRun(FlushQueue.java:84)
	at com.intellij.openapi.application.impl.FlushQueue.runNextEvent(FlushQueue.java:133)
	at com.intellij.openapi.application.impl.FlushQueue.flushNow(FlushQueue.java:46)
	at com.intellij.openapi.application.impl.FlushQueue$FlushNow.run(FlushQueue.java:189)
	at java.desktop/java.awt.event.InvocationEvent.dispatch(InvocationEvent.java:313)
	at java.desktop/java.awt.EventQueue.dispatchEventImpl(EventQueue.java:776)
	at java.desktop/java.awt.EventQueue$4.run(EventQueue.java:727)
	at java.desktop/java.awt.EventQueue$4.run(EventQueue.java:721)
	at java.base/java.security.AccessController.doPrivileged(Native Method)
	at java.base/java.security.ProtectionDomain$JavaSecurityAccessImpl.doIntersectionPrivilege(ProtectionDomain.java:85)
	at java.desktop/java.awt.EventQueue.dispatchEvent(EventQueue.java:746)
	at com.intellij.ide.IdeEventQueue.defaultDispatchEvent(IdeEventQueue.java:885)
	at com.intellij.ide.IdeEventQueue._dispatchEvent(IdeEventQueue.java:754)
	at com.intellij.ide.IdeEventQueue.lambda$dispatchEvent$6(IdeEventQueue.java:441)
	at com.intellij.openapi.progress.impl.CoreProgressManager.computePrioritized(CoreProgressManager.java:825)
	at com.intellij.ide.IdeEventQueue.lambda$dispatchEvent$7(IdeEventQueue.java:440)
	at com.intellij.openapi.application.impl.ApplicationImpl.runIntendedWriteActionOnCurrentThread(ApplicationImpl.java:794)
	at com.intellij.ide.IdeEventQueue.dispatchEvent(IdeEventQueue.java:486)
	at java.desktop/java.awt.EventDispatchThread.pumpOneEventForFilters(EventDispatchThread.java:203)
	at java.desktop/java.awt.EventDispatchThread.pumpEventsForFilter(EventDispatchThread.java:124)
	at java.desktop/java.awt.EventDispatchThread.pumpEventsForHierarchy(EventDispatchThread.java:113)
	at java.desktop/java.awt.EventDispatchThread.pumpEvents(EventDispatchThread.java:109)
	at java.desktop/java.awt.EventDispatchThread.pumpEvents(EventDispatchThread.java:101)
	at java.desktop/java.awt.EventDispatchThread.run(EventDispatchThread.java:90)
2022-08-13 21:31:01,684 [  38150]   INFO - penapi.project.DumbServiceImpl - cancel UnindexedFilesUpdater[BulletIdeaPlugin] 
2022-08-13 21:31:01,685 [  38151]   INFO - impl.UnknownMissingSdkFixLocal - Automatically set Sdk MissingSdkInfo(mySdkName=11, mySdkType=JavaSDK) to /Library/Java/JavaVirtualMachines/jdk-11.0.16.jdk/Contents/Home 
2022-08-13 21:31:01,706 [  38172]   INFO - ProjectRootPostStartUpActivity - /Users/bytedance/Documents/IdeaProject/IdeaPlugin/.idea case-sensitivity: expected=false actual=false 
2022-08-13 21:31:01,710 [  38176]   INFO - j.ide.script.IdeStartupScripts - 0 startup script(s) found 
2022-08-13 21:31:01,723 [  38189]   INFO - .diagnostic.PerformanceWatcher - Post-startup activities under progress took 1370ms; general responsiveness: ok; EDT responsiveness: ok 
2022-08-13 21:31:01,843 [  38309]   INFO - CompilerWorkspaceConfiguration - Available processors: 10 
2022-08-13 21:31:02,049 [  38515]   INFO - il.indexing.FileBasedIndexImpl - indexes cleared: 
survived indexes: FilenameIndex, FrameworkDetectionIndex, TodoIndex, IdIndex, filetypes, Stubs, Trigram.Index, fileIncludes, DomFileIndex, RelaxSymbolIndex, XmlTagNames, XmlNamespaces, html5.custom.attributes.index, SchemaTypeInheritance, json.file.root.values, editorconfig.index.name, xmlProperties, bytecodeAnalysis, java.auto.module.name, java.source.module.name, java.null.method.argument, java.fun.expression, java.binary.plus.expression, com.intellij.uiDesigner.FormClassIndex, LombokConfigIndex, ant-imports, JavaFxControllerClassIndex, javafx.id.name, javafx.custom.component, yaml.keys.name, XsltSymbolIndex, groovy.trait.fields, groovy.trait.methods, IdeaPluginRegistrationIndex, PluginIdModuleIndex, PluginIdDependenciesIndex, devkit.ExtensionPointIndex, devkit.ExtensionPointClassIndex, org.jetbrains.kotlin.idea.versions.KotlinJvmMetadataVersionIndex, org.jetbrains.kotlin.idea.versions.KotlinJsMetadataVersionIndex, org.jetbrains.kotlin.idea.vfilefinder.KotlinClassFileIndex, org.jetbrains.kotlin.idea.vfilefinder.KotlinJavaScriptMetaFileIndex, org.jetbrains.kotlin.idea.vfilefinder.KotlinMetadataFileIndex, org.jetbrains.kotlin.idea.vfilefinder.KotlinMetadataFilePackageIndex, org.jetbrains.kotlin.idea.vfilefinder.KotlinModuleMappingIndex, org.jetbrains.kotlin.idea.vfilefinder.KotlinPackageSourcesMemberNamesIndex, org.jetbrains.kotlin.idea.vfilefinder.KotlinJvmModuleAnnotationsIndex, org.jetbrains.kotlin.idea.vfilefinder.KotlinBuiltInsMetadataIndex, org.jetbrains.kotlin.idea.vfilefinder.KotlinStdlibIndex, org.jetbrains.kotlin.idea.vfilefinder.KlibMetaFileIndex, com.android.tools.idea.model.AndroidManifestIndex$Companion$NAME$1.NAME, BindingXmlIndex, MlModelFileIndex, NavXmlIndex 
2022-08-13 21:31:02,049 [  38515]   INFO - penapi.project.DumbServiceImpl - cancel UnindexedFilesUpdater[BulletIdeaPlugin] 
2022-08-13 21:31:02,051 [  38517]   INFO - pl.ProjectRootManagerComponent - Project roots of BulletIdeaPlugin have changed (trace_hash = 393875518) 
java.lang.Throwable
	at com.intellij.openapi.roots.impl.ProjectRootManagerComponent.logRootChanges(ProjectRootManagerComponent.java:344)
	at com.intellij.openapi.roots.impl.ProjectRootManagerComponent.synchronizeRoots(ProjectRootManagerComponent.java:331)
	at com.intellij.openapi.roots.impl.ProjectRootManagerComponent.fireRootsChangedEvent(ProjectRootManagerComponent.java:238)
	at com.intellij.openapi.roots.impl.ProjectRootManagerImpl.fireRootsChanged(ProjectRootManagerImpl.java:449)
	at com.intellij.openapi.roots.impl.ProjectRootManagerImpl$2.fireRootsChanged(ProjectRootManagerImpl.java:167)
	at com.intellij.openapi.roots.impl.ProjectRootManagerImpl$2.fireRootsChanged(ProjectRootManagerImpl.java:164)
	at com.intellij.openapi.roots.impl.ProjectRootManagerImpl$BatchSession.rootsChanged(ProjectRootManagerImpl.java:113)
	at com.intellij.openapi.roots.impl.ProjectRootManagerImpl$BatchSession.rootsChanged(ProjectRootManagerImpl.java:121)
	at com.intellij.openapi.roots.impl.ProjectRootManagerComponent$2.fileTypesChanged(ProjectRootManagerComponent.java:116)
	at com.intellij.util.messages.impl.MessageBusImpl.invokeMethod(MessageBusImpl.java:645)
	at com.intellij.util.messages.impl.MessageBusImpl.invokeListener(MessageBusImpl.java:620)
	at com.intellij.util.messages.impl.MessageBusImpl.deliverMessage(MessageBusImpl.java:417)
	at com.intellij.util.messages.impl.MessageBusImpl.pumpWaitingBuses(MessageBusImpl.java:390)
	at com.intellij.util.messages.impl.MessageBusImpl.pumpMessages(MessageBusImpl.java:372)
	at com.intellij.util.messages.impl.MessageBusImpl.access$200(MessageBusImpl.java:33)
	at com.intellij.util.messages.impl.MessageBusImpl$MessagePublisher.invoke(MessageBusImpl.java:179)
	at com.sun.proxy.$Proxy171.fileTypesChanged(Unknown Source)
	at com.intellij.openapi.fileTypes.impl.FileTypeManagerImpl.fireFileTypesChanged(FileTypeManagerImpl.java:942)
	at com.intellij.openapi.fileTypes.impl.FileTypeManagerImpl.fireFileTypesChanged(FileTypeManagerImpl.java:936)
	at com.intellij.openapi.fileTypes.impl.FileTypeManagerImpl.associate(FileTypeManagerImpl.java:1544)
	at com.intellij.openapi.fileTypes.impl.FileTypeManagerImpl.associate(FileTypeManagerImpl.java:908)
	at com.intellij.openapi.fileTypes.FileTypeManager.associateExtension(FileTypeManager.java:153)
	at org.jetbrains.kotlin.idea.core.script.ScriptDefinitionsManager$UpdateDefinitionsResult$apply$1$$special$$inlined$runWriteAction$1.compute(actions.kt:62)
	at com.intellij.openapi.application.impl.ApplicationImpl.lambda$runWriteAction$15(ApplicationImpl.java:945)
	at com.intellij.openapi.application.impl.ApplicationImpl.runWriteActionWithClass(ApplicationImpl.java:924)
	at com.intellij.openapi.application.impl.ApplicationImpl.runWriteAction(ApplicationImpl.java:945)
	at org.jetbrains.kotlin.idea.core.script.ScriptDefinitionsManager$UpdateDefinitionsResult$apply$1.run(ScriptDefinitionsManager.kt:496)
	at com.intellij.openapi.application.TransactionGuardImpl.runWithWritingAllowed(TransactionGuardImpl.java:214)
	at com.intellij.openapi.application.TransactionGuardImpl.access$200(TransactionGuardImpl.java:21)
	at com.intellij.openapi.application.TransactionGuardImpl$2.run(TransactionGuardImpl.java:196)
	at com.intellij.openapi.application.impl.ApplicationImpl.runIntendedWriteActionOnCurrentThread(ApplicationImpl.java:794)
	at com.intellij.openapi.application.impl.ApplicationImpl.lambda$invokeLater$4(ApplicationImpl.java:350)
	at com.intellij.openapi.application.impl.FlushQueue.doRun(FlushQueue.java:84)
	at com.intellij.openapi.application.impl.FlushQueue.runNextEvent(FlushQueue.java:133)
	at com.intellij.openapi.application.impl.FlushQueue.flushNow(FlushQueue.java:46)
	at com.intellij.openapi.application.impl.FlushQueue$FlushNow.run(FlushQueue.java:189)
	at java.desktop/java.awt.event.InvocationEvent.dispatch(InvocationEvent.java:313)
	at java.desktop/java.awt.EventQueue.dispatchEventImpl(EventQueue.java:776)
	at java.desktop/java.awt.EventQueue$4.run(EventQueue.java:727)
	at java.desktop/java.awt.EventQueue$4.run(EventQueue.java:721)
	at java.base/java.security.AccessController.doPrivileged(Native Method)
	at java.base/java.security.ProtectionDomain$JavaSecurityAccessImpl.doIntersectionPrivilege(ProtectionDomain.java:85)
	at java.desktop/java.awt.EventQueue.dispatchEvent(EventQueue.java:746)
	at com.intellij.ide.IdeEventQueue.defaultDispatchEvent(IdeEventQueue.java:885)
	at com.intellij.ide.IdeEventQueue._dispatchEvent(IdeEventQueue.java:754)
	at com.intellij.ide.IdeEventQueue.lambda$dispatchEvent$6(IdeEventQueue.java:441)
	at com.intellij.openapi.progress.impl.CoreProgressManager.computePrioritized(CoreProgressManager.java:825)
	at com.intellij.ide.IdeEventQueue.lambda$dispatchEvent$7(IdeEventQueue.java:440)
	at com.intellij.openapi.application.impl.ApplicationImpl.runIntendedWriteActionOnCurrentThread(ApplicationImpl.java:794)
	at com.intellij.ide.IdeEventQueue.dispatchEvent(IdeEventQueue.java:486)
	at java.desktop/java.awt.EventDispatchThread.pumpOneEventForFilters(EventDispatchThread.java:203)
	at java.desktop/java.awt.EventDispatchThread.pumpEventsForFilter(EventDispatchThread.java:124)
	at java.desktop/java.awt.EventDispatchThread.pumpEventsForHierarchy(EventDispatchThread.java:113)
	at java.desktop/java.awt.EventDispatchThread.pumpEvents(EventDispatchThread.java:109)
	at java.desktop/java.awt.EventDispatchThread.pumpEvents(EventDispatchThread.java:101)
	at java.desktop/java.awt.EventDispatchThread.run(EventDispatchThread.java:90)
2022-08-13 21:31:02,051 [  38517]   INFO - penapi.project.DumbServiceImpl - cancel UnindexedFilesUpdater[BulletIdeaPlugin] 
2022-08-13 21:31:02,052 [  38518]   INFO - il.indexing.FileBasedIndexImpl - indexes cleared: 
survived indexes: FilenameIndex, FrameworkDetectionIndex, TodoIndex, IdIndex, filetypes, Stubs, Trigram.Index, fileIncludes, DomFileIndex, RelaxSymbolIndex, XmlTagNames, XmlNamespaces, html5.custom.attributes.index, SchemaTypeInheritance, json.file.root.values, editorconfig.index.name, xmlProperties, bytecodeAnalysis, java.auto.module.name, java.source.module.name, java.null.method.argument, java.fun.expression, java.binary.plus.expression, com.intellij.uiDesigner.FormClassIndex, LombokConfigIndex, ant-imports, JavaFxControllerClassIndex, javafx.id.name, javafx.custom.component, yaml.keys.name, XsltSymbolIndex, groovy.trait.fields, groovy.trait.methods, IdeaPluginRegistrationIndex, PluginIdModuleIndex, PluginIdDependenciesIndex, devkit.ExtensionPointIndex, devkit.ExtensionPointClassIndex, org.jetbrains.kotlin.idea.versions.KotlinJvmMetadataVersionIndex, org.jetbrains.kotlin.idea.versions.KotlinJsMetadataVersionIndex, org.jetbrains.kotlin.idea.vfilefinder.KotlinClassFileIndex, org.jetbrains.kotlin.idea.vfilefinder.KotlinJavaScriptMetaFileIndex, org.jetbrains.kotlin.idea.vfilefinder.KotlinMetadataFileIndex, org.jetbrains.kotlin.idea.vfilefinder.KotlinMetadataFilePackageIndex, org.jetbrains.kotlin.idea.vfilefinder.KotlinModuleMappingIndex, org.jetbrains.kotlin.idea.vfilefinder.KotlinPackageSourcesMemberNamesIndex, org.jetbrains.kotlin.idea.vfilefinder.KotlinJvmModuleAnnotationsIndex, org.jetbrains.kotlin.idea.vfilefinder.KotlinBuiltInsMetadataIndex, org.jetbrains.kotlin.idea.vfilefinder.KotlinStdlibIndex, org.jetbrains.kotlin.idea.vfilefinder.KlibMetaFileIndex, com.android.tools.idea.model.AndroidManifestIndex$Companion$NAME$1.NAME, BindingXmlIndex, MlModelFileIndex, NavXmlIndex 
2022-08-13 21:31:02,052 [  38518]   INFO - penapi.project.DumbServiceImpl - cancel UnindexedFilesUpdater[BulletIdeaPlugin] 
2022-08-13 21:31:02,052 [  38518]   INFO - pl.ProjectRootManagerComponent - Project roots of BulletIdeaPlugin have changed (stacktrace has been already reported with trace_hash = 393875518) 
2022-08-13 21:31:02,052 [  38518]   INFO - penapi.project.DumbServiceImpl - cancel UnindexedFilesUpdater[BulletIdeaPlugin] 
2022-08-13 21:31:02,206 [  38672]   INFO - tor.impl.FileEditorManagerImpl - Project opening took 2486 ms 
2022-08-13 21:31:02,347 [  38813]   INFO - s.plugins.gradle.GradleManager - Instructing gradle to use java from /Library/Java/JavaVirtualMachines/jdk-11.0.16.jdk/Contents/Home 
2022-08-13 21:31:02,348 [  38814]   INFO - s.plugins.gradle.GradleManager - Instructing gradle to use java from /Library/Java/JavaVirtualMachines/jdk-11.0.16.jdk/Contents/Home 
2022-08-13 21:31:02,965 [  39431]   INFO - oject.common.GradleInitScripts - init script file sync.studio.tooling contents "initscript {\n    dependencies {\n        classpath files([mapPath('/Users/bytedance/.gradle/caches/modules-2/files-2.1/com.jetbrains.intellij.idea/ideaIC/2021.2.4/f6a20f715554259dbbbc5aabcba5e2c5f4492cc3/ideaIC-2021.2.4/plugins/android/lib/android.jar'), mapPath('/Users/bytedance/.gradle/caches/modules-2/files-2.1/com.jetbrains.intellij.idea/ideaIC/2021.2.4/f6a20f715554259dbbbc5aabcba5e2c5f4492cc3/ideaIC-2021.2.4/plugins/android/lib/android.jar'), mapPath('/Users/bytedance/.gradle/caches/modules-2/files-2.1/com.jetbrains.intellij.idea/ideaIC/2021.2.4/f6a20f715554259dbbbc5aabcba5e2c5f4492cc3/ideaIC-2021.2.4/lib/kotlin-stdlib-jdk8.jar')])\n    }\n}\nallprojects {\n    apply plugin: com.android.ide.gradle.model.builder.AndroidStudioToolingPlugin\n}\n" 
2022-08-13 21:31:02,994 [  39460]   INFO - xecution.GradleExecutionHelper - Passing command-line args to Gradle Tooling API: --init-script /private/var/folders/b1/0fd1b6hs7lz0fm_mh346lybm0000gn/T/ijmapper.gradle -Didea.sync.active=true -Didea.resolveSourceSetDependencies=true -Porg.gradle.kotlin.dsl.provider.cid=52857246945500 --init-script /private/var/folders/b1/0fd1b6hs7lz0fm_mh346lybm0000gn/T/sync.studio.tooling877.gradle -Djava.awt.headless=true --stacktrace -Pandroid.injected.build.model.only=true -Pandroid.injected.build.model.only.advanced=true -Pandroid.injected.invoked.from.ide=true -Pandroid.injected.build.model.only.versioned=3 -Pandroid.injected.studio.version=10.4.2.212.5712.43 -Pandroid.injected.build.model.disable.src.download=true -Pidea.gradle.do.not.build.tasks=true -Pkotlin.mpp.enableIntransitiveMetadataConfiguration=true --init-script /private/var/folders/b1/0fd1b6hs7lz0fm_mh346lybm0000gn/T/ijinit2.gradle 
2022-08-13 21:31:07,907 [  44373]   WARN - .intellij.diagnostic.VMOptions - VM options file not configured 
2022-08-13 21:31:07,907 [  44373]   INFO - gnostic.MemorySizeConfigurator - Physical memory 32768M, minimum memory size 256M, -Xmx adjusted from 512M to 2048M 
2022-08-13 21:31:07,933 [  44399]   INFO - m.codeWithMe.CodeWithMeCleanup - running activity to cleanup old thin clients... Root path is '/Users/bytedance/Library/Caches/JetBrains' 
2022-08-13 21:31:07,936 [  44402]   INFO - m.codeWithMe.CodeWithMeCleanup - found 0 Code With Me client system folders to check 
2022-08-13 21:31:07,936 [  44402]   INFO - m.codeWithMe.CodeWithMeCleanup - found 0 Code With Me client config folders to check 
2022-08-13 21:31:07,937 [  44403]   INFO - m.codeWithMe.CodeWithMeCleanup - keep only [] major versions 
2022-08-13 21:31:13,984 [  50450]   INFO - adleSyncState$SyncStateUpdater - onSuccess(RESOLVE_PROJECT:0) 
2022-08-13 21:31:13,985 [  50451]   INFO - e.project.sync.GradleSyncState - Started setup of project 'BulletIdeaPlugin'. 
2022-08-13 21:31:13,992 [  50458]   INFO - s.plugins.gradle.GradleManager - Instructing gradle to use java from /Library/Java/JavaVirtualMachines/jdk-11.0.16.jdk/Contents/Home 
2022-08-13 21:31:13,993 [  50459]   INFO - g.jetbrains.kotlin.idea.script - [KOTLIN_SCRIPTING] Loading script definitions [org.gradle.kotlin.dsl.KotlinInitScript] using classpath: /Users/bytedance/.gradle/wrapper/dists/gradle-7.1-bin/4pslxx9lrxt5svtz5wbnb6tkz/gradle-7.1/lib/gradle-core-7.1.jar:/Users/bytedance/.gradle/wrapper/dists/gradle-7.1-bin/4pslxx9lrxt5svtz5wbnb6tkz/gradle-7.1/lib/gradle-core-api-7.1.jar:/Users/bytedance/.gradle/wrapper/dists/gradle-7.1-bin/4pslxx9lrxt5svtz5wbnb6tkz/gradle-7.1/lib/gradle-kotlin-dsl-tooling-models-7.1.jar:/Users/bytedance/.gradle/wrapper/dists/gradle-7.1-bin/4pslxx9lrxt5svtz5wbnb6tkz/gradle-7.1/lib/gradle-kotlin-dsl-7.1.jar:/Users/bytedance/.gradle/wrapper/dists/gradle-7.1-bin/4pslxx9lrxt5svtz5wbnb6tkz/gradle-7.1/lib/kotlin-stdlib-common-1.4.31.jar 
2022-08-13 21:31:14,001 [  50467]   INFO - s.plugins.gradle.GradleManager - Instructing gradle to use java from /Library/Java/JavaVirtualMachines/jdk-11.0.16.jdk/Contents/Home 
2022-08-13 21:31:14,002 [  50468]   INFO - g.jetbrains.kotlin.idea.script - [KOTLIN_SCRIPTING] Loading script definitions [org.gradle.kotlin.dsl.KotlinSettingsScript] using classpath: /Users/bytedance/.gradle/wrapper/dists/gradle-7.1-bin/4pslxx9lrxt5svtz5wbnb6tkz/gradle-7.1/lib/gradle-core-7.1.jar:/Users/bytedance/.gradle/wrapper/dists/gradle-7.1-bin/4pslxx9lrxt5svtz5wbnb6tkz/gradle-7.1/lib/gradle-core-api-7.1.jar:/Users/bytedance/.gradle/wrapper/dists/gradle-7.1-bin/4pslxx9lrxt5svtz5wbnb6tkz/gradle-7.1/lib/gradle-kotlin-dsl-tooling-models-7.1.jar:/Users/bytedance/.gradle/wrapper/dists/gradle-7.1-bin/4pslxx9lrxt5svtz5wbnb6tkz/gradle-7.1/lib/gradle-kotlin-dsl-7.1.jar:/Users/bytedance/.gradle/wrapper/dists/gradle-7.1-bin/4pslxx9lrxt5svtz5wbnb6tkz/gradle-7.1/lib/kotlin-stdlib-common-1.4.31.jar 
2022-08-13 21:31:14,013 [  50479]   INFO - s.plugins.gradle.GradleManager - Instructing gradle to use java from /Library/Java/JavaVirtualMachines/jdk-11.0.16.jdk/Contents/Home 
2022-08-13 21:31:14,014 [  50480]   INFO - g.jetbrains.kotlin.idea.script - [KOTLIN_SCRIPTING] Loading script definitions [org.gradle.kotlin.dsl.KotlinBuildScript] using classpath: /Users/bytedance/.gradle/wrapper/dists/gradle-7.1-bin/4pslxx9lrxt5svtz5wbnb6tkz/gradle-7.1/lib/gradle-core-7.1.jar:/Users/bytedance/.gradle/wrapper/dists/gradle-7.1-bin/4pslxx9lrxt5svtz5wbnb6tkz/gradle-7.1/lib/gradle-core-api-7.1.jar:/Users/bytedance/.gradle/wrapper/dists/gradle-7.1-bin/4pslxx9lrxt5svtz5wbnb6tkz/gradle-7.1/lib/gradle-kotlin-dsl-tooling-models-7.1.jar:/Users/bytedance/.gradle/wrapper/dists/gradle-7.1-bin/4pslxx9lrxt5svtz5wbnb6tkz/gradle-7.1/lib/gradle-kotlin-dsl-7.1.jar:/Users/bytedance/.gradle/wrapper/dists/gradle-7.1-bin/4pslxx9lrxt5svtz5wbnb6tkz/gradle-7.1/lib/kotlin-stdlib-common-1.4.31.jar 
2022-08-13 21:31:14,026 [  50492]   INFO - dle.roots.GradleBuildRootIndex - /Users/bytedance/Documents/IdeaProject/IdeaPlugin: org.jetbrains.kotlin.idea.scripting.gradle.roots.New@1fb7dd30 -> org.jetbrains.kotlin.idea.scripting.gradle.roots.Imported@1c946241 
2022-08-13 21:31:14,033 [  50499]   INFO - pl.ProjectRootManagerComponent - Project roots of BulletIdeaPlugin have changed (trace_hash = -2030830346) 
java.lang.Throwable
	at com.intellij.openapi.roots.impl.ProjectRootManagerComponent.logRootChanges(ProjectRootManagerComponent.java:344)
	at com.intellij.openapi.roots.impl.ProjectRootManagerComponent.synchronizeRoots(ProjectRootManagerComponent.java:331)
	at com.intellij.openapi.roots.impl.ProjectRootManagerComponent.fireRootsChangedEvent(ProjectRootManagerComponent.java:238)
	at com.intellij.openapi.roots.impl.ProjectRootManagerImpl.fireRootsChanged(ProjectRootManagerImpl.java:449)
	at com.intellij.openapi.roots.impl.ProjectRootManagerImpl$1.fireRootsChanged(ProjectRootManagerImpl.java:146)
	at com.intellij.openapi.roots.impl.ProjectRootManagerImpl$1.fireRootsChanged(ProjectRootManagerImpl.java:143)
	at com.intellij.openapi.roots.impl.ProjectRootManagerImpl$BatchSession.rootsChanged(ProjectRootManagerImpl.java:113)
	at com.intellij.openapi.roots.impl.ProjectRootManagerImpl$BatchSession.rootsChanged(ProjectRootManagerImpl.java:121)
	at com.intellij.openapi.roots.impl.ProjectRootManagerImpl.makeRootsChange(ProjectRootManagerImpl.java:421)
	at org.jetbrains.kotlin.idea.core.script.ucache.ScriptClassRootsUpdater$notifyRootsChanged$$inlined$runInEdt$1$lambda$1.invoke(ScriptClassRootsUpdater.kt:235)
	at org.jetbrains.kotlin.idea.core.script.ucache.ScriptClassRootsUpdater$notifyRootsChanged$$inlined$runInEdt$1$lambda$1.invoke(ScriptClassRootsUpdater.kt:50)
	at org.jetbrains.kotlin.idea.util.application.ApplicationUtilsKt$sam$com_intellij_openapi_util_Computable$0.compute(ApplicationUtils.kt)
	at com.intellij.openapi.application.impl.ApplicationImpl.lambda$runWriteAction$15(ApplicationImpl.java:945)
	at com.intellij.openapi.application.impl.ApplicationImpl.runWriteActionWithClass(ApplicationImpl.java:924)
	at com.intellij.openapi.application.impl.ApplicationImpl.runWriteAction(ApplicationImpl.java:945)
	at org.jetbrains.kotlin.idea.util.application.ApplicationUtilsKt.runWriteAction(ApplicationUtils.kt:18)
	at org.jetbrains.kotlin.idea.core.script.ucache.ScriptClassRootsUpdater$notifyRootsChanged$$inlined$runInEdt$1.run(actions.kt:60)
	at com.intellij.openapi.application.TransactionGuardImpl.runWithWritingAllowed(TransactionGuardImpl.java:214)
	at com.intellij.openapi.application.TransactionGuardImpl.access$200(TransactionGuardImpl.java:21)
	at com.intellij.openapi.application.TransactionGuardImpl$2.run(TransactionGuardImpl.java:196)
	at com.intellij.openapi.application.impl.ApplicationImpl.runIntendedWriteActionOnCurrentThread(ApplicationImpl.java:794)
	at com.intellij.openapi.application.impl.ApplicationImpl.lambda$invokeLater$4(ApplicationImpl.java:350)
	at com.intellij.openapi.application.impl.FlushQueue.doRun(FlushQueue.java:84)
	at com.intellij.openapi.application.impl.FlushQueue.runNextEvent(FlushQueue.java:133)
	at com.intellij.openapi.application.impl.FlushQueue.flushNow(FlushQueue.java:46)
	at com.intellij.openapi.application.impl.FlushQueue$FlushNow.run(FlushQueue.java:189)
	at java.desktop/java.awt.event.InvocationEvent.dispatch(InvocationEvent.java:313)
	at java.desktop/java.awt.EventQueue.dispatchEventImpl(EventQueue.java:776)
	at java.desktop/java.awt.EventQueue$4.run(EventQueue.java:727)
	at java.desktop/java.awt.EventQueue$4.run(EventQueue.java:721)
	at java.base/java.security.AccessController.doPrivileged(Native Method)
	at java.base/java.security.ProtectionDomain$JavaSecurityAccessImpl.doIntersectionPrivilege(ProtectionDomain.java:85)
	at java.desktop/java.awt.EventQueue.dispatchEvent(EventQueue.java:746)
	at com.intellij.ide.IdeEventQueue.defaultDispatchEvent(IdeEventQueue.java:885)
	at com.intellij.ide.IdeEventQueue._dispatchEvent(IdeEventQueue.java:754)
	at com.intellij.ide.IdeEventQueue.lambda$dispatchEvent$6(IdeEventQueue.java:441)
	at com.intellij.openapi.progress.impl.CoreProgressManager.computePrioritized(CoreProgressManager.java:825)
	at com.intellij.ide.IdeEventQueue.lambda$dispatchEvent$7(IdeEventQueue.java:440)
	at com.intellij.openapi.application.impl.ApplicationImpl.runIntendedWriteActionOnCurrentThread(ApplicationImpl.java:794)
	at com.intellij.ide.IdeEventQueue.dispatchEvent(IdeEventQueue.java:486)
	at java.desktop/java.awt.EventDispatchThread.pumpOneEventForFilters(EventDispatchThread.java:203)
	at java.desktop/java.awt.EventDispatchThread.pumpEventsForFilter(EventDispatchThread.java:124)
	at java.desktop/java.awt.EventDispatchThread.pumpEventsForHierarchy(EventDispatchThread.java:113)
	at java.desktop/java.awt.EventDispatchThread.pumpEvents(EventDispatchThread.java:109)
	at java.desktop/java.awt.EventDispatchThread.pumpEvents(EventDispatchThread.java:101)
	at java.desktop/java.awt.EventDispatchThread.run(EventDispatchThread.java:90)
2022-08-13 21:31:14,033 [  50499]   INFO - penapi.project.DumbServiceImpl - cancel UnindexedFilesUpdater[BulletIdeaPlugin] 
2022-08-13 21:31:14,042 [  50508]   INFO - System.util.ExternalSystemUtil - External project [/Users/bytedance/Documents/IdeaProject/IdeaPlugin] resolution task executed in 12655 ms. 
2022-08-13 21:31:14,392 [  50858]   INFO - ication.options.PathMacrosImpl - Saved path macros: {MAVEN_REPOSITORY=/Users/bytedance/.m2/repository, KOTLIN_BUNDLED=/Users/bytedance/.gradle/caches/modules-2/files-2.1/com.jetbrains.intellij.idea/ideaIC/2021.2.4/f6a20f715554259dbbbc5aabcba5e2c5f4492cc3/ideaIC-2021.2.4/plugins/Kotlin/kotlinc} 
2022-08-13 21:31:14,419 [  50885]   INFO - rationStore.ComponentStoreImpl - Saving appPluginFeatureCacheService took 14 ms 
2022-08-13 21:31:14,567 [  51033]   INFO - ge.ExternalProjectsDataStorage - Save external projects data in 45 ms 
2022-08-13 21:31:14,687 [  51153]   WARN - tings.ConfigurationDataService - This external project are not the only project in the current IDE workspace, found project level configuration can override the configuration came from other external projects. 
2022-08-13 21:31:14,840 [  51306]   INFO - leSyncState$DataImportListener - onImportFinished(/Users/bytedance/Documents/IdeaProject/IdeaPlugin) 
2022-08-13 21:31:14,840 [  51306]   INFO - cState$SyncStateUpdaterService - stopTrackingTask(/Users/bytedance/Documents/IdeaProject/IdeaPlugin) 
2022-08-13 21:31:14,840 [  51306]   INFO - cState$SyncStateUpdaterService - stopTrackingTask(RESOLVE_PROJECT:0) 
2022-08-13 21:31:14,840 [  51306]   INFO - e.project.sync.GradleSyncState - Gradle sync finished in 13 s 407 ms 
2022-08-13 21:31:14,889 [  51355]   INFO - pl.ProjectRootManagerComponent - Project roots of BulletIdeaPlugin have changed (trace_hash = -483774558) 
java.lang.Throwable
	at com.intellij.openapi.roots.impl.ProjectRootManagerComponent.logRootChanges(ProjectRootManagerComponent.java:344)
	at com.intellij.openapi.roots.impl.ProjectRootManagerComponent.synchronizeRoots(ProjectRootManagerComponent.java:331)
	at com.intellij.openapi.roots.impl.ProjectRootManagerComponent.fireRootsChangedEvent(ProjectRootManagerComponent.java:238)
	at com.intellij.openapi.roots.impl.ProjectRootManagerImpl.fireRootsChanged(ProjectRootManagerImpl.java:449)
	at com.intellij.openapi.roots.impl.ProjectRootManagerImpl$1.fireRootsChanged(ProjectRootManagerImpl.java:146)
	at com.intellij.openapi.roots.impl.ProjectRootManagerImpl$1.fireRootsChanged(ProjectRootManagerImpl.java:143)
	at com.intellij.openapi.roots.impl.ProjectRootManagerImpl$BatchSession.lambda$levelDown$0(ProjectRootManagerImpl.java:89)
	at com.intellij.openapi.application.WriteAction.lambda$run$1(WriteAction.java:94)
	at com.intellij.openapi.application.impl.ApplicationImpl.runWriteActionWithClass(ApplicationImpl.java:924)
	at com.intellij.openapi.application.impl.ApplicationImpl.runWriteAction(ApplicationImpl.java:950)
	at com.intellij.openapi.application.WriteAction.run(WriteAction.java:93)
	at com.intellij.openapi.roots.impl.ProjectRootManagerImpl$BatchSession.levelDown(ProjectRootManagerImpl.java:89)
	at com.intellij.openapi.roots.impl.ProjectRootManagerImpl.mergeRootsChangesDuring(ProjectRootManagerImpl.java:395)
	at com.intellij.openapi.externalSystem.service.project.IdeModifiableModelsProviderImpl.workspaceModelCommit(IdeModifiableModelsProviderImpl.java:134)
	at com.intellij.openapi.externalSystem.service.project.IdeModifiableModelsProviderImpl.commit(IdeModifiableModelsProviderImpl.java:130)
	at com.intellij.openapi.externalSystem.service.project.manage.ProjectDataManagerImpl$2.execute(ProjectDataManagerImpl.java:413)
	at com.intellij.openapi.externalSystem.util.DisposeAwareProjectChange.run(DisposeAwareProjectChange.java:22)
	at com.intellij.openapi.application.impl.ApplicationImpl.runWriteAction(ApplicationImpl.java:936)
	at com.intellij.openapi.externalSystem.util.ExternalSystemApiUtil.lambda$executeProjectChangeAction$5(ExternalSystemApiUtil.java:353)
	at com.intellij.openapi.application.TransactionGuardImpl.runWithWritingAllowed(TransactionGuardImpl.java:214)
	at com.intellij.openapi.application.TransactionGuardImpl.access$200(TransactionGuardImpl.java:21)
	at com.intellij.openapi.application.TransactionGuardImpl$2.run(TransactionGuardImpl.java:196)
	at com.intellij.openapi.application.impl.ApplicationImpl.runIntendedWriteActionOnCurrentThread(ApplicationImpl.java:794)
	at com.intellij.openapi.application.impl.ApplicationImpl.lambda$invokeLater$4(ApplicationImpl.java:350)
	at com.intellij.openapi.application.impl.FlushQueue.doRun(FlushQueue.java:84)
	at com.intellij.openapi.application.impl.FlushQueue.runNextEvent(FlushQueue.java:133)
	at com.intellij.openapi.application.impl.FlushQueue.flushNow(FlushQueue.java:46)
	at com.intellij.openapi.application.impl.FlushQueue$FlushNow.run(FlushQueue.java:189)
	at java.desktop/java.awt.event.InvocationEvent.dispatch(InvocationEvent.java:313)
	at java.desktop/java.awt.EventQueue.dispatchEventImpl(EventQueue.java:776)
	at java.desktop/java.awt.EventQueue$4.run(EventQueue.java:727)
	at java.desktop/java.awt.EventQueue$4.run(EventQueue.java:721)
	at java.base/java.security.AccessController.doPrivileged(Native Method)
	at java.base/java.security.ProtectionDomain$JavaSecurityAccessImpl.doIntersectionPrivilege(ProtectionDomain.java:85)
	at java.desktop/java.awt.EventQueue.dispatchEvent(EventQueue.java:746)
	at com.intellij.ide.IdeEventQueue.defaultDispatchEvent(IdeEventQueue.java:885)
	at com.intellij.ide.IdeEventQueue._dispatchEvent(IdeEventQueue.java:754)
	at com.intellij.ide.IdeEventQueue.lambda$dispatchEvent$6(IdeEventQueue.java:441)
	at com.intellij.openapi.progress.impl.CoreProgressManager.computePrioritized(CoreProgressManager.java:825)
	at com.intellij.ide.IdeEventQueue.lambda$dispatchEvent$7(IdeEventQueue.java:440)
	at com.intellij.openapi.application.impl.ApplicationImpl.runIntendedWriteActionOnCurrentThread(ApplicationImpl.java:794)
	at com.intellij.ide.IdeEventQueue.dispatchEvent(IdeEventQueue.java:486)
	at java.desktop/java.awt.EventDispatchThread.pumpOneEventForFilters(EventDispatchThread.java:203)
	at java.desktop/java.awt.EventDispatchThread.pumpEventsForFilter(EventDispatchThread.java:124)
	at java.desktop/java.awt.EventDispatchThread.pumpEventsForHierarchy(EventDispatchThread.java:113)
	at java.desktop/java.awt.EventDispatchThread.pumpEvents(EventDispatchThread.java:109)
	at java.desktop/java.awt.EventDispatchThread.pumpEvents(EventDispatchThread.java:101)
	at java.desktop/java.awt.EventDispatchThread.run(EventDispatchThread.java:90)
2022-08-13 21:31:14,890 [  51356]   INFO - penapi.project.DumbServiceImpl - cancel UnindexedFilesUpdater[BulletIdeaPlugin] 
2022-08-13 21:31:14,903 [  51369]   INFO - ge.ExternalSystemTaskActivator - Started execution of setupDependencies 
2022-08-13 21:31:14,912 [  51378]   INFO - .packagesearch.intellij-plugin - projectModulesSharedFlow — Took 20.9ms to elaborate 
2022-08-13 21:31:15,046 [  51512]   INFO - ectsystem.ProjectSystemService - GradleProjectSystem project system has been detected 
2022-08-13 21:31:15,061 [  51527]   INFO - .packagesearch.intellij-plugin - PackageSearchToolWindowFactory#packageSearchModulesChangesFlow — Setting toolWindow.isAvailable = true 
2022-08-13 21:31:15,102 [  51568]   INFO - .packagesearch.intellij-plugin - moduleModelsStateFlow — Took 190ms to elaborate 
2022-08-13 21:31:15,102 [  51568]   INFO - .packagesearch.intellij-plugin - allInstalledKnownRepositoriesFlow — Took 320us to elaborate 
2022-08-13 21:31:15,333 [  51799]   INFO - s.plugins.gradle.GradleManager - Instructing gradle to use java from /Library/Java/JavaVirtualMachines/jdk-11.0.16.jdk/Contents/Home 
2022-08-13 21:31:15,333 [  51799]   INFO - s.plugins.gradle.GradleManager - Instructing gradle to use java from /Library/Java/JavaVirtualMachines/jdk-11.0.16.jdk/Contents/Home 
2022-08-13 21:31:15,346 [  51812]   INFO - xecution.GradleExecutionHelper - Passing command-line args to Gradle Tooling API: --init-script /private/var/folders/b1/0fd1b6hs7lz0fm_mh346lybm0000gn/T/ijmapper.gradle --init-script /private/var/folders/b1/0fd1b6hs7lz0fm_mh346lybm0000gn/T/ijresolvers.gradle 
2022-08-13 21:31:15,605 [  52071]   INFO - ge.ExternalSystemTaskActivator - Finished execution of setupDependencies 
2022-08-13 21:31:15,608 [  52074]   INFO - roject.DumbServiceGuiTaskQueue - Running dumb mode task: com.android.tools.idea.res.ResourceFolderRepositoryFileCacheImpl$PruneTask@48f2cee3 
2022-08-13 21:31:15,608 [  52074]   INFO - roject.DumbServiceGuiTaskQueue - Running dumb mode task: com.android.tools.idea.res.ResourceFolderRepositoryFileCacheImpl$ManageLruProjectFilesTask@1991d82e 
2022-08-13 21:31:15,646 [  52112]   INFO - roject.DumbServiceGuiTaskQueue - Running dumb mode task: com.intellij.util.indexing.FileBasedIndexProjectHandler$ProjectChangedFilesIndexingTask@745b0599 [Project(name=BulletIdeaPlugin, containerState=COMPONENT_CREATED, componentStore=/Users/bytedance/Documents/IdeaProject/IdeaPlugin), %project_path%/.idea/IdeaPlugin.iml, %project_path%/.idea/modules.xml, %project_path%/.idea/workspace.xml, %project_path%/.idea/gradle.xml] 
2022-08-13 21:31:15,652 [  52118]   INFO - g.FileBasedIndexProjectHandler - Reindexing refreshed files of BulletIdeaPlugin : 0 to update, calculated in 4ms 
2022-08-13 21:31:15,652 [  52118]   INFO - roject.DumbServiceGuiTaskQueue - Running dumb mode task: UnindexedFilesUpdater[BulletIdeaPlugin] 
2022-08-13 21:31:15,652 [  52118]   INFO - ij.psi.search.LogFileTypeIndex - Loading file type index snapshot 
2022-08-13 21:31:15,658 [  52124]   INFO - indexing.UnindexedFilesUpdater - Started indexing of BulletIdeaPlugin. Reason: Project roots have changed 
2022-08-13 21:31:15,658 [  52124]   INFO - indexing.UnindexedFilesUpdater - Performing delayed pushing properties tasks for BulletIdeaPlugin took 0ms; general responsiveness: ok; EDT responsiveness: ok 
2022-08-13 21:31:15,668 [  52134]   INFO - indexing.UnindexedFilesUpdater - Scanning of BulletIdeaPlugin uses 9 scanning threads 
2022-08-13 21:31:16,728 [  53194]   INFO - .packagesearch.intellij-plugin - installedPackagesStateFlow — Took 1.82s to elaborate 
2022-08-13 21:31:16,758 [  53224]   INFO - .packagesearch.intellij-plugin - packageUpgradesStateFlow — Took 29.6ms to elaborate 
2022-08-13 21:31:17,341 [  53807]   INFO - System.impl.PopupMenuPreloader - Popup menu 'File' preloaded at 'MainMenu' in 47 ms 
2022-08-13 21:31:17,394 [  53860]   INFO - System.impl.PopupMenuPreloader - Popup menu 'Edit' preloaded at 'MainMenu' in 100 ms 
2022-08-13 21:31:17,398 [  53864]   INFO - System.impl.PopupMenuPreloader - Popup menu 'View' preloaded at 'MainMenu' in 103 ms 
2022-08-13 21:31:17,437 [  53903]   INFO - System.impl.PopupMenuPreloader - Popup menu 'Navigate' preloaded at 'MainMenu' in 142 ms 
2022-08-13 21:31:17,446 [  53912]   INFO - System.impl.PopupMenuPreloader - Popup menu 'Code' preloaded at 'MainMenu' in 151 ms 
2022-08-13 21:31:17,459 [  53925]   INFO - System.impl.PopupMenuPreloader - Popup menu 'Build' preloaded at 'MainMenu' in 164 ms 
2022-08-13 21:31:17,510 [  53976]   INFO - System.impl.PopupMenuPreloader - Popup menu 'Run' preloaded at 'MainMenu' in 215 ms 
2022-08-13 21:31:17,543 [  54009]   INFO - System.impl.PopupMenuPreloader - Popup menu 'Tools' preloaded at 'MainMenu' in 248 ms 
2022-08-13 21:31:17,549 [  54015]   INFO - System.impl.PopupMenuPreloader - Popup menu 'Refactor' preloaded at 'MainMenu' in 255 ms 
2022-08-13 21:31:17,552 [  54018]   INFO - System.impl.PopupMenuPreloader - Popup menu 'Help' preloaded at 'MainMenu' in 257 ms 
2022-08-13 21:31:17,552 [  54018]   INFO - System.impl.PopupMenuPreloader - Popup menu 'Study Plugin' preloaded at 'MainMenu' in 257 ms 
2022-08-13 21:31:17,556 [  54022]   INFO - System.impl.PopupMenuPreloader - Popup menu 'Window' preloaded at 'MainMenu' in 262 ms 
2022-08-13 21:31:17,577 [  54043]   INFO - .script.IdeScriptEngineManager - javax.script.ScriptEngineManager initialized in 54 ms 
2022-08-13 21:31:22,421 [  58887]   INFO - indexing.UnindexedFilesUpdater - Scanning completed for BulletIdeaPlugin. Number of scanned files: 220309; Number of files for indexing: 211461 took 6763ms; general responsiveness: ok; EDT responsiveness: ok 
2022-08-13 21:31:22,430 [  58896]   INFO - indexing.UnindexedFilesUpdater - Use 4 indexing threads for indexing of BulletIdeaPlugin 
2022-08-13 21:31:25,797 [  62263]   INFO - System.impl.PopupMenuPreloader - Popup menu 'Project View Popup Menu' preloaded at 'ProjectViewPopup' in 131 ms 
2022-08-13 21:31:25,798 [  62264]   INFO - System.impl.PopupMenuPreloader - Popup menu 'Project View Popup Menu' preloaded at 'ProjectViewPopup' in 132 ms 
2022-08-13 21:31:33,967 [  70433]   INFO - .openapi.util.LowMemoryWatcher - Low memory signal received: afterGc=false 
2022-08-13 21:31:38,473 [  74939]  DEBUG - BackendServerFileEditorManager - Opening host editor for /Users/bytedance/Documents/IdeaProject/IdeaPlugin/build.gradle 
2022-08-13 21:31:48,729 [  85195]   INFO - .openapi.util.LowMemoryWatcher - Low memory signal received: afterGc=false 
2022-08-13 21:31:54,990 [  91456]   INFO - System.impl.PopupMenuPreloader - Popup menu 'Editor Popup Menu' preloaded at 'EditorPopup' in 10 ms 
2022-08-13 21:31:54,991 [  91457]   INFO - System.impl.PopupMenuPreloader - Popup menu 'Editor Popup Menu' preloaded at 'EditorPopup' in 11 ms 
2022-08-13 21:31:57,754 [  94220]   WARN - com.intellij.util.xmlb.Binding - no accessors for org.jetbrains.idea.devkit.inspections.missingApi.resolve.LibrariesWithIntellijClassesState 
2022-08-13 21:31:57,754 [  94220]   INFO - rationStore.ComponentStoreImpl - Saving Project(name=BulletIdeaPlugin, containerState=COMPONENT_CREATED, componentStore=/Users/bytedance/Documents/IdeaProject/IdeaPlugin)RunManager took 14 ms 
2022-08-13 21:32:06,768 [ 103234]   INFO - indexing.UnindexedFilesUpdater - Finished for BulletIdeaPlugin. Unindexed files update took 44341ms; general responsiveness: ok; EDT responsiveness: 1/44 sluggish 
2022-08-13 21:32:06,770 [ 103236]   INFO - ij.psi.search.LogFileTypeIndex - File type index snapshot dropped 
2022-08-13 21:32:06,772 [ 103238]   INFO - roject.DumbServiceGuiTaskQueue - Running dumb mode task: com.intellij.openapi.roots.impl.PushedFilePropertiesUpdaterImpl$3@5f2f9133 
2022-08-13 21:32:06,774 [ 103240]   INFO - penapi.project.DumbServiceImpl - updateFinished 
2022-08-13 21:32:06,777 [ 103243]   INFO - tFileBasedIndexStartupActivity - Has changed files: false; project=Project(name=BulletIdeaPlugin, containerState=COMPONENT_CREATED, componentStore=/Users/bytedance/Documents/IdeaProject/IdeaPlugin) 
2022-08-13 21:32:06,816 [ 103282]   INFO - .services.SpaceKtsFileDetector - SpaceKtsFileDetector 
2022-08-13 21:32:06,907 [ 103373]   INFO - roject.DumbServiceGuiTaskQueue - Running dumb mode task: com.android.tools.idea.res.ResourceFolderRegistry$PopulateCachesTask@3733d753 
2022-08-13 21:32:06,915 [ 103381]   INFO - penapi.project.DumbServiceImpl - updateFinished 
2022-08-13 21:32:06,916 [ 103382]   INFO - tFileBasedIndexStartupActivity - Has changed files: false; project=Project(name=BulletIdeaPlugin, containerState=COMPONENT_CREATED, componentStore=/Users/bytedance/Documents/IdeaProject/IdeaPlugin) 
2022-08-13 21:32:06,925 [ 103391]   INFO - .packagesearch.intellij-plugin - projectModulesSharedFlow — Took 841us to elaborate 
2022-08-13 21:32:06,943 [ 103409]   INFO - .packagesearch.intellij-plugin - moduleModelsStateFlow — Took 17.7ms to elaborate 
2022-08-13 21:32:06,944 [ 103410]   INFO - .packagesearch.intellij-plugin - installedPackagesStateFlow — Took 18.9ms to elaborate 
2022-08-13 21:32:08,243 [ 104709]   INFO -      #org.jetbrains.idea.maven - Creating new maven connector for Project(name=BulletIdeaPlugin, containerState=COMPONENT_CREATED, componentStore=/Users/bytedance/Documents/IdeaProject/IdeaPlugin) in /Users/bytedance/Documents/IdeaProject/IdeaPlugin 
2022-08-13 21:32:08,246 [ 104712]   INFO -      #org.jetbrains.idea.maven - Connecting maven connector in /Users/bytedance/Documents/IdeaProject/IdeaPlugin 
2022-08-13 21:32:08,290 [ 104756]   INFO -      #org.jetbrains.idea.maven - Sent token to maven server 
2022-08-13 21:32:09,237 [ 105703]   INFO -      #org.jetbrains.idea.maven - Connector in /Users/bytedance/Documents/IdeaProject/IdeaPlugin has been connected 
2022-08-13 21:32:10,907 [ 107373]   INFO - .openapi.util.LowMemoryWatcher - Low memory signal received: afterGc=true 
2022-08-13 21:32:11,831 [ 108297]   INFO - .openapi.util.LowMemoryWatcher - Low memory signal received: afterGc=false 
2022-08-13 21:32:11,953 [ 108419]   INFO - ta.index.VcsLogPersistentIndex - Indexing full repository in IdeaPlugin 
2022-08-13 21:32:12,036 [ 108502]   INFO - ta.index.VcsLogPersistentIndex - 81ms for indexing 2 commits in IdeaPlugin 
2022-08-13 21:32:13,396 [ 109862]   INFO - roject.DumbServiceGuiTaskQueue - Running dumb mode task: com.intellij.openapi.roots.impl.PushedFilePropertiesUpdaterImpl$3@3a765b86 
2022-08-13 21:32:13,412 [ 109878]   INFO - penapi.project.DumbServiceImpl - updateFinished 
2022-08-13 21:32:13,414 [ 109880]   INFO - tFileBasedIndexStartupActivity - Has changed files: false; project=Project(name=BulletIdeaPlugin, containerState=COMPONENT_CREATED, componentStore=/Users/bytedance/Documents/IdeaProject/IdeaPlugin) 
2022-08-13 21:32:26,503 [ 122969]   INFO - notification.NotificationGroup - Notification group myActionId is already registered 
java.lang.Throwable
	at com.intellij.notification.NotificationGroup.<init>(NotificationGroup.kt:65)
	at com.intellij.notification.NotificationGroup.<init>(NotificationGroup.kt:28)
	at com.intellij.notification.NotificationGroup.<init>(NotificationGroup.kt:51)
	at com.intellij.notification.NotificationGroup.<init>(NotificationGroup.kt:50)
	at com.github.study.plugin.action.HelloWorldAction.actionPerformed(HelloWorldAction.kt:12)
	at com.intellij.openapi.actionSystem.ex.ActionUtil.lambda$performActionDumbAwareWithCallbacks$4(ActionUtil.java:240)
	at com.intellij.openapi.actionSystem.ex.ActionUtil.performDumbAwareWithCallbacks(ActionUtil.java:261)
	at com.intellij.openapi.actionSystem.ex.ActionUtil.performActionDumbAwareWithCallbacks(ActionUtil.java:240)
	at com.intellij.openapi.actionSystem.impl.ActionMenuItem$ActionTransmitter.lambda$performAction$0(ActionMenuItem.java:277)
	at com.intellij.openapi.wm.impl.FocusManagerImpl.runOnOwnContext(FocusManagerImpl.java:236)
	at com.intellij.openapi.wm.impl.IdeFocusManagerImpl.runOnOwnContext(IdeFocusManagerImpl.java:67)
	at com.intellij.openapi.actionSystem.impl.ActionMenuItem$ActionTransmitter.performAction(ActionMenuItem.java:269)
	at com.intellij.openapi.actionSystem.impl.ActionMenuItem.lambda$new$0(ActionMenuItem.java:81)
	at com.intellij.openapi.application.TransactionGuardImpl.runWithWritingAllowed(TransactionGuardImpl.java:214)
	at com.intellij.openapi.application.TransactionGuardImpl.access$200(TransactionGuardImpl.java:21)
	at com.intellij.openapi.application.TransactionGuardImpl$2.run(TransactionGuardImpl.java:196)
	at com.intellij.openapi.application.impl.ApplicationImpl.runIntendedWriteActionOnCurrentThread(ApplicationImpl.java:794)
	at com.intellij.openapi.application.impl.ApplicationImpl.lambda$invokeLater$4(ApplicationImpl.java:350)
	at com.intellij.openapi.application.impl.FlushQueue.doRun(FlushQueue.java:84)
	at com.intellij.openapi.application.impl.FlushQueue.runNextEvent(FlushQueue.java:133)
	at com.intellij.openapi.application.impl.FlushQueue.flushNow(FlushQueue.java:46)
	at com.intellij.openapi.application.impl.FlushQueue$FlushNow.run(FlushQueue.java:189)
	at java.desktop/java.awt.event.InvocationEvent.dispatch(InvocationEvent.java:313)
	at java.desktop/java.awt.EventQueue.dispatchEventImpl(EventQueue.java:776)
	at java.desktop/java.awt.EventQueue$4.run(EventQueue.java:727)
	at java.desktop/java.awt.EventQueue$4.run(EventQueue.java:721)
	at java.base/java.security.AccessController.doPrivileged(Native Method)
	at java.base/java.security.ProtectionDomain$JavaSecurityAccessImpl.doIntersectionPrivilege(ProtectionDomain.java:85)
	at java.desktop/java.awt.EventQueue.dispatchEvent(EventQueue.java:746)
	at com.intellij.ide.IdeEventQueue.defaultDispatchEvent(IdeEventQueue.java:885)
	at com.intellij.ide.IdeEventQueue._dispatchEvent(IdeEventQueue.java:754)
	at com.intellij.ide.IdeEventQueue.lambda$dispatchEvent$6(IdeEventQueue.java:441)
	at com.intellij.openapi.progress.impl.CoreProgressManager.computePrioritized(CoreProgressManager.java:825)
	at com.intellij.ide.IdeEventQueue.lambda$dispatchEvent$7(IdeEventQueue.java:440)
	at com.intellij.openapi.application.impl.ApplicationImpl.runIntendedWriteActionOnCurrentThread(ApplicationImpl.java:794)
	at com.intellij.ide.IdeEventQueue.dispatchEvent(IdeEventQueue.java:486)
	at java.desktop/java.awt.EventDispatchThread.pumpOneEventForFilters(EventDispatchThread.java:203)
	at java.desktop/java.awt.EventDispatchThread.pumpEventsForFilter(EventDispatchThread.java:124)
	at java.desktop/java.awt.EventDispatchThread.pumpEventsForHierarchy(EventDispatchThread.java:113)
	at java.desktop/java.awt.EventDispatchThread.pumpEvents(EventDispatchThread.java:109)
	at java.desktop/java.awt.EventDispatchThread.pumpEvents(EventDispatchThread.java:101)
	at java.desktop/java.awt.EventDispatchThread.run(EventDispatchThread.java:90)
2022-08-13 21:32:41,161 [ 137627]   INFO - notification.NotificationGroup - Notification group myActionId is already registered 
java.lang.Throwable
	at com.intellij.notification.NotificationGroup.<init>(NotificationGroup.kt:65)
	at com.intellij.notification.NotificationGroup.<init>(NotificationGroup.kt:28)
	at com.intellij.notification.NotificationGroup.<init>(NotificationGroup.kt:51)
	at com.intellij.notification.NotificationGroup.<init>(NotificationGroup.kt:50)
	at com.github.study.plugin.action.HelloWorldAction.actionPerformed(HelloWorldAction.kt:12)
	at com.intellij.openapi.actionSystem.ex.ActionUtil.lambda$performActionDumbAwareWithCallbacks$4(ActionUtil.java:240)
	at com.intellij.openapi.actionSystem.ex.ActionUtil.performDumbAwareWithCallbacks(ActionUtil.java:261)
	at com.intellij.openapi.actionSystem.ex.ActionUtil.performActionDumbAwareWithCallbacks(ActionUtil.java:240)
	at com.intellij.openapi.actionSystem.impl.ActionMenuItem$ActionTransmitter.lambda$performAction$0(ActionMenuItem.java:277)
	at com.intellij.openapi.wm.impl.FocusManagerImpl.runOnOwnContext(FocusManagerImpl.java:236)
	at com.intellij.openapi.wm.impl.IdeFocusManagerImpl.runOnOwnContext(IdeFocusManagerImpl.java:67)
	at com.intellij.openapi.actionSystem.impl.ActionMenuItem$ActionTransmitter.performAction(ActionMenuItem.java:269)
	at com.intellij.openapi.actionSystem.impl.ActionMenuItem.lambda$new$0(ActionMenuItem.java:81)
	at com.intellij.openapi.application.TransactionGuardImpl.runWithWritingAllowed(TransactionGuardImpl.java:214)
	at com.intellij.openapi.application.TransactionGuardImpl.access$200(TransactionGuardImpl.java:21)
	at com.intellij.openapi.application.TransactionGuardImpl$2.run(TransactionGuardImpl.java:196)
	at com.intellij.openapi.application.impl.ApplicationImpl.runIntendedWriteActionOnCurrentThread(ApplicationImpl.java:794)
	at com.intellij.openapi.application.impl.ApplicationImpl.lambda$invokeLater$4(ApplicationImpl.java:350)
	at com.intellij.openapi.application.impl.FlushQueue.doRun(FlushQueue.java:84)
	at com.intellij.openapi.application.impl.FlushQueue.runNextEvent(FlushQueue.java:133)
	at com.intellij.openapi.application.impl.FlushQueue.flushNow(FlushQueue.java:46)
	at com.intellij.openapi.application.impl.FlushQueue$FlushNow.run(FlushQueue.java:189)
	at java.desktop/java.awt.event.InvocationEvent.dispatch(InvocationEvent.java:313)
	at java.desktop/java.awt.EventQueue.dispatchEventImpl(EventQueue.java:776)
	at java.desktop/java.awt.EventQueue$4.run(EventQueue.java:727)
	at java.desktop/java.awt.EventQueue$4.run(EventQueue.java:721)
	at java.base/java.security.AccessController.doPrivileged(Native Method)
	at java.base/java.security.ProtectionDomain$JavaSecurityAccessImpl.doIntersectionPrivilege(ProtectionDomain.java:85)
	at java.desktop/java.awt.EventQueue.dispatchEvent(EventQueue.java:746)
	at com.intellij.ide.IdeEventQueue.defaultDispatchEvent(IdeEventQueue.java:885)
	at com.intellij.ide.IdeEventQueue._dispatchEvent(IdeEventQueue.java:754)
	at com.intellij.ide.IdeEventQueue.lambda$dispatchEvent$6(IdeEventQueue.java:441)
	at com.intellij.openapi.progress.impl.CoreProgressManager.computePrioritized(CoreProgressManager.java:825)
	at com.intellij.ide.IdeEventQueue.lambda$dispatchEvent$7(IdeEventQueue.java:440)
	at com.intellij.openapi.application.impl.ApplicationImpl.runIntendedWriteActionOnCurrentThread(ApplicationImpl.java:794)
	at com.intellij.ide.IdeEventQueue.dispatchEvent(IdeEventQueue.java:486)
	at java.desktop/java.awt.EventDispatchThread.pumpOneEventForFilters(EventDispatchThread.java:203)
	at java.desktop/java.awt.EventDispatchThread.pumpEventsForFilter(EventDispatchThread.java:124)
	at java.desktop/java.awt.EventDispatchThread.pumpEventsForHierarchy(EventDispatchThread.java:113)
	at java.desktop/java.awt.EventDispatchThread.pumpEvents(EventDispatchThread.java:109)
	at java.desktop/java.awt.EventDispatchThread.pumpEvents(EventDispatchThread.java:101)
	at java.desktop/java.awt.EventDispatchThread.run(EventDispatchThread.java:90)
2022-08-13 21:32:48,591 [ 145057]   INFO - notification.NotificationGroup - Notification group myActionId is already registered 
java.lang.Throwable
	at com.intellij.notification.NotificationGroup.<init>(NotificationGroup.kt:65)
	at com.intellij.notification.NotificationGroup.<init>(NotificationGroup.kt:28)
	at com.intellij.notification.NotificationGroup.<init>(NotificationGroup.kt:51)
	at com.intellij.notification.NotificationGroup.<init>(NotificationGroup.kt:50)
	at com.github.study.plugin.action.HelloWorldAction.actionPerformed(HelloWorldAction.kt:12)
	at com.intellij.openapi.actionSystem.ex.ActionUtil.lambda$performActionDumbAwareWithCallbacks$4(ActionUtil.java:240)
	at com.intellij.openapi.actionSystem.ex.ActionUtil.performDumbAwareWithCallbacks(ActionUtil.java:261)
	at com.intellij.openapi.actionSystem.ex.ActionUtil.performActionDumbAwareWithCallbacks(ActionUtil.java:240)
	at com.intellij.openapi.actionSystem.impl.ActionMenuItem$ActionTransmitter.lambda$performAction$0(ActionMenuItem.java:277)
	at com.intellij.openapi.wm.impl.FocusManagerImpl.runOnOwnContext(FocusManagerImpl.java:236)
	at com.intellij.openapi.wm.impl.IdeFocusManagerImpl.runOnOwnContext(IdeFocusManagerImpl.java:67)
	at com.intellij.openapi.actionSystem.impl.ActionMenuItem$ActionTransmitter.performAction(ActionMenuItem.java:269)
	at com.intellij.openapi.actionSystem.impl.ActionMenuItem.lambda$new$0(ActionMenuItem.java:81)
	at com.intellij.openapi.application.TransactionGuardImpl.runWithWritingAllowed(TransactionGuardImpl.java:214)
	at com.intellij.openapi.application.TransactionGuardImpl.access$200(TransactionGuardImpl.java:21)
	at com.intellij.openapi.application.TransactionGuardImpl$2.run(TransactionGuardImpl.java:196)
	at com.intellij.openapi.application.impl.ApplicationImpl.runIntendedWriteActionOnCurrentThread(ApplicationImpl.java:794)
	at com.intellij.openapi.application.impl.ApplicationImpl.lambda$invokeLater$4(ApplicationImpl.java:350)
	at com.intellij.openapi.application.impl.FlushQueue.doRun(FlushQueue.java:84)
	at com.intellij.openapi.application.impl.FlushQueue.runNextEvent(FlushQueue.java:133)
	at com.intellij.openapi.application.impl.FlushQueue.flushNow(FlushQueue.java:46)
	at com.intellij.openapi.application.impl.FlushQueue$FlushNow.run(FlushQueue.java:189)
	at java.desktop/java.awt.event.InvocationEvent.dispatch(InvocationEvent.java:313)
	at java.desktop/java.awt.EventQueue.dispatchEventImpl(EventQueue.java:776)
	at java.desktop/java.awt.EventQueue$4.run(EventQueue.java:727)
	at java.desktop/java.awt.EventQueue$4.run(EventQueue.java:721)
	at java.base/java.security.AccessController.doPrivileged(Native Method)
	at java.base/java.security.ProtectionDomain$JavaSecurityAccessImpl.doIntersectionPrivilege(ProtectionDomain.java:85)
	at java.desktop/java.awt.EventQueue.dispatchEvent(EventQueue.java:746)
	at com.intellij.ide.IdeEventQueue.defaultDispatchEvent(IdeEventQueue.java:885)
	at com.intellij.ide.IdeEventQueue._dispatchEvent(IdeEventQueue.java:754)
	at com.intellij.ide.IdeEventQueue.lambda$dispatchEvent$6(IdeEventQueue.java:441)
	at com.intellij.openapi.progress.impl.CoreProgressManager.computePrioritized(CoreProgressManager.java:825)
	at com.intellij.ide.IdeEventQueue.lambda$dispatchEvent$7(IdeEventQueue.java:440)
	at com.intellij.openapi.application.impl.ApplicationImpl.runIntendedWriteActionOnCurrentThread(ApplicationImpl.java:794)
	at com.intellij.ide.IdeEventQueue.dispatchEvent(IdeEventQueue.java:486)
	at java.desktop/java.awt.EventDispatchThread.pumpOneEventForFilters(EventDispatchThread.java:203)
	at java.desktop/java.awt.EventDispatchThread.pumpEventsForFilter(EventDispatchThread.java:124)
	at java.desktop/java.awt.EventDispatchThread.pumpEventsForHierarchy(EventDispatchThread.java:113)
	at java.desktop/java.awt.EventDispatchThread.pumpEvents(EventDispatchThread.java:109)
	at java.desktop/java.awt.EventDispatchThread.pumpEvents(EventDispatchThread.java:101)
	at java.desktop/java.awt.EventDispatchThread.run(EventDispatchThread.java:90)
2022-08-13 21:32:49,692 [ 146158]   INFO - rationStore.ComponentStoreImpl - Saving appDebuggerSettings took 14 ms 
2022-08-13 21:32:50,289 [ 146755]   INFO - roject.DumbServiceGuiTaskQueue - Running dumb mode task: com.intellij.openapi.roots.impl.PushedFilePropertiesUpdaterImpl$3@5e27fca2 
2022-08-13 21:32:50,292 [ 146758]   INFO - penapi.project.DumbServiceImpl - updateFinished 
2022-08-13 21:32:50,293 [ 146759]   INFO - tFileBasedIndexStartupActivity - Has changed files: false; project=Project(name=BulletIdeaPlugin, containerState=COMPONENT_CREATED, componentStore=/Users/bytedance/Documents/IdeaProject/IdeaPlugin) 
2022-08-13 21:33:06,953 [ 163419]   INFO - erver.followMe.FollowMeManager - Unregister user 0:'bytedance' with ClientId=ClientId(value=Host) 
2022-08-13 21:33:06,961 [ 163427]   INFO - ution.rmi.RemoteProcessSupport - Terminating: 127.0.0.1:63542/Maven36ServerImpla656432c 
2022-08-13 21:33:07,443 [ 163909]   INFO - erver.followMe.FollowMeManager - Register new user 0:'bytedance' with ClientId=ClientId(value=Host) 
2022-08-13 21:33:09,819 [ 166285]   INFO - ramework.util.RdCoroutineScope - RdCoroutineHost has been reset 
2022-08-13 21:33:09,822 [ 166288]   INFO - ramework.util.RdCoroutineScope - RdCoroutineHost disposed 
2022-08-13 21:33:09,823 [ 166289]   INFO - pl.local.NativeFileWatcherImpl - Watcher terminated with exit code 0 
2022-08-13 21:33:09,824 [ 166290]   INFO - org.jetbrains.io.BuiltInServer - web server stopped 
2022-08-13 21:33:09,829 [ 166295]   INFO - erver.followMe.FollowMeManager - Unregister user 0:'bytedance' with ClientId=ClientId(value=Host) 
2022-08-13 21:33:09,831 [ 166297]   INFO - .impl.FileTypeDetectionService - 6366 auto-detected files. Detection took 824 ms 
2022-08-13 21:33:09,831 [ 166297]   INFO - il.indexing.FileBasedIndexImpl - START INDEX SHUTDOWN 
2022-08-13 21:33:10,413 [ 166879]   INFO - tellij.psi.stubs.StubIndexImpl - StubIndexExtension-s were unloaded 
2022-08-13 21:33:10,799 [ 167265]   INFO - il.indexing.FileBasedIndexImpl - END INDEX SHUTDOWN 
2022-08-13 21:33:10,799 [ 167265]   INFO - newvfs.persistent.PersistentFS - VFS dispose started 
2022-08-13 21:33:10,803 [ 167269]   INFO - newvfs.persistent.PersistentFS - VFS dispose completed 
2022-08-13 21:33:10,804 [ 167270]   INFO - stubs.SerializationManagerImpl - Start shutting down /Users/bytedance/Documents/IdeaProject/IdeaPlugin/build/idea-sandbox/system/index/rep.names 
2022-08-13 21:33:10,804 [ 167270]   INFO - stubs.SerializationManagerImpl - Finished shutting down /Users/bytedance/Documents/IdeaProject/IdeaPlugin/build/idea-sandbox/system/index/rep.names 
2022-08-13 21:33:10,839 [ 167305]   INFO -        #com.intellij.idea.Main - ------------------------------------------------------ IDE SHUTDOWN ------------------------------------------------------ 
2022-08-13 21:33:10,839 [ 167305]   INFO - org.jetbrains.io.BuiltInServer - web server stopped 
